2021-09-21 08:22:45 >> Script started
2021-09-21 08:22:52 >> Script started
2021-09-21 08:22:53 >> Serial port opening error! module 'serial' has no attribute 'Serial'
2021-09-21 08:22:54 >> Exception for main run()
2021-09-21 08:22:54 >> Traceback (most recent call last):
  File "C:\Users\43010600\_Data\general\brew\main.py", line 110, in run
    self.screenManager.mouseClick(event)
  File "C:\Users\43010600\_Data\general\brew\screenManager.py", line 35, in mouseClick
    elif isinstance(self.activeScreen, cServiceScreen) and 800 > event.pos[0] > 600 and 200 > event.pos[1] > 100:
NameError: name 'cServiceScreen' is not defined

2021-09-21 08:22:54 >> pygame quit
2021-09-21 08:23:04 >> Script started
2021-09-21 08:23:04 >> Serial port opening error! module 'serial' has no attribute 'Serial'
2021-09-21 08:23:05 >> Exception for main run()
2021-09-21 08:23:05 >> Traceback (most recent call last):
  File "C:\Users\43010600\_Data\general\brew\main.py", line 110, in run
    self.screenManager.mouseClick(event)
  File "C:\Users\43010600\_Data\general\brew\screenManager.py", line 40, in mouseClick
    self.updateValues()
  File "C:\Users\43010600\_Data\general\brew\screenManager.py", line 30, in updateValues
    self.activeScreen.updateValues()
  File "C:\Users\43010600\_Data\general\brew\mainScreen.py", line 65, in updateValues
    self.objects['datetime'].text = datetime.datetime.now().strftime('%H:%M  %d.%m.%Y')
KeyError: 'datetime'

2021-09-21 08:23:05 >> pygame quit
2021-09-21 08:23:21 >> Script started
2021-09-21 08:23:22 >> Serial port opening error! module 'serial' has no attribute 'Serial'
2021-09-21 08:23:29 >> pygame quit
2021-09-21 08:23:34 >> Script started
2021-09-21 08:23:34 >> Serial port opening error! module 'serial' has no attribute 'Serial'
2021-09-21 08:23:34 >> Exception for main run()
2021-09-21 08:23:34 >> Traceback (most recent call last):
  File "C:\Users\43010600\_Data\general\brew\main.py", line 115, in run
    self.screenManager.draw()
  File "C:\Users\43010600\_Data\general\brew\screenManager.py", line 23, in draw
    self.activeScreen.drawBackground()
  File "C:\Users\43010600\_Data\general\brew\mainScreen.py", line 61, in drawBackground
    rect = img.get_rect()
NameError: name 'img' is not defined

2021-09-21 08:23:34 >> pygame quit
2021-09-21 08:24:09 >> Script started
2021-09-21 08:24:10 >> Serial port opening error! module 'serial' has no attribute 'Serial'
2021-09-21 08:24:13 >> pygame quit
2021-09-21 08:26:45 >> Script started
2021-09-21 08:26:46 >> Serial port opening error! module 'serial' has no attribute 'Serial'
2021-09-21 08:26:54 >> pygame quit
2021-09-21 08:28:54 >> Script started
2021-09-21 08:28:55 >> Serial port opening error! module 'serial' has no attribute 'Serial'
2021-09-21 08:28:57 >> pygame quit
2021-09-21 08:32:17 >> Script started
2021-09-21 08:32:18 >> Serial port opening error! module 'serial' has no attribute 'Serial'
2021-09-21 08:32:20 >> pygame quit
2021-09-21 08:38:49 >> Script started
2021-09-21 08:38:50 >> Serial port opened.
2021-09-21 08:38:53 >> pygame quit
2021-09-21 08:47:45 >> Script started
2021-09-21 08:47:45 >> Serial port opened.
2021-09-21 08:47:45 >> Exception for main run()
2021-09-21 08:47:45 >> Traceback (most recent call last):
  File "C:\Users\43010600\_Data\general\brew\main.py", line 117, in run
    self.screenManager.draw()
  File "C:\Users\43010600\_Data\general\brew\screenManager.py", line 24, in draw
    self.activeScreen.draw()
  File "C:\Users\43010600\_Data\general\brew\mainScreen.py", line 64, in draw
    obj.draw()
AttributeError: 'TextInputVisualizer' object has no attribute 'draw'

2021-09-21 08:47:45 >> pygame quit
2021-09-21 08:48:05 >> Script started
2021-09-21 08:48:06 >> Serial port opened.
2021-09-21 08:48:06 >> Exception for main run()
2021-09-21 08:48:06 >> Traceback (most recent call last):
  File "C:\Users\43010600\_Data\general\brew\main.py", line 117, in run
    self.screenManager.draw()
  File "C:\Users\43010600\_Data\general\brew\screenManager.py", line 24, in draw
    self.activeScreen.draw()
  File "C:\Users\43010600\_Data\general\brew\mainScreen.py", line 64, in draw
    obj.draw()
AttributeError: 'TextInputVisualizer' object has no attribute 'draw'

2021-09-21 08:48:06 >> pygame quit
2021-09-21 08:50:21 >> Script started
2021-09-21 08:50:22 >> Serial port opened.
2021-09-21 08:50:22 >> Exception for main run()
2021-09-21 08:50:22 >> Traceback (most recent call last):
  File "C:\Users\43010600\_Data\general\brew\main.py", line 117, in run
    self.screenManager.draw()
  File "C:\Users\43010600\_Data\general\brew\screenManager.py", line 24, in draw
    self.activeScreen.draw()
  File "C:\Users\43010600\_Data\general\brew\mainScreen.py", line 61, in draw
    obj.draw()
AttributeError: 'TextInputVisualizer' object has no attribute 'draw'

2021-09-21 08:50:22 >> pygame quit
2021-09-21 08:50:34 >> Script started
2021-09-21 08:50:35 >> Serial port opened.
2021-09-21 08:50:35 >> Exception for main run()
2021-09-21 08:50:35 >> Traceback (most recent call last):
  File "C:\Users\43010600\_Data\general\brew\main.py", line 117, in run
    self.screenManager.draw()
  File "C:\Users\43010600\_Data\general\brew\screenManager.py", line 24, in draw
    self.activeScreen.draw()
  File "C:\Users\43010600\_Data\general\brew\mainScreen.py", line 64, in draw
    obj.draw()
AttributeError: 'TextInputVisualizer' object has no attribute 'draw'

2021-09-21 08:50:35 >> pygame quit
2021-09-21 08:50:43 >> Script started
2021-09-21 08:50:44 >> Serial port opened.
2021-09-21 08:51:34 >> Script started
2021-09-21 08:51:35 >> Serial port opened.
2021-09-21 08:51:35 >> Exception for main run()
2021-09-21 08:51:35 >> Traceback (most recent call last):
  File "C:\Users\43010600\_Data\general\brew\main.py", line 117, in run
    self.screenManager.draw()
  File "C:\Users\43010600\_Data\general\brew\screenManager.py", line 24, in draw
    self.activeScreen.draw()
  File "C:\Users\43010600\_Data\general\brew\mainScreen.py", line 62, in draw
    self.pyScreen.blit(obj, (obj.x, obj.y))
AttributeError: 'TextInputVisualizer' object has no attribute 'x'

2021-09-21 08:51:35 >> pygame quit
2021-09-21 09:09:43 >> Script started
2021-09-21 09:10:51 >> Script started
2021-09-21 09:11:26 >> Script started
2021-09-21 09:12:06 >> Script started
2021-09-21 09:12:07 >> Serial port opened.
2021-09-21 09:12:18 >> pygame quit
2021-09-21 09:14:36 >> Script started
2021-09-21 09:14:36 >> Serial port opened.
2021-09-21 09:14:36 >> Exception for main run()
2021-09-21 09:14:36 >> Traceback (most recent call last):
  File "C:\Users\43010600\_Data\general\brew\main.py", line 117, in run
    self.screenManager.draw()
  File "C:\Users\43010600\_Data\general\brew\screenManager.py", line 23, in draw
    self.activeScreen.fill((225, 225, 225))
AttributeError: 'cMainScreen' object has no attribute 'fill'

2021-09-21 09:14:37 >> pygame quit
2021-09-21 09:15:03 >> Script started
2021-09-21 09:15:03 >> Serial port opened.
2021-09-21 09:15:08 >> pygame quit
2021-09-21 09:15:16 >> Script started
2021-09-21 09:15:17 >> Serial port opened.
2021-09-21 09:15:27 >> pygame quit
2021-09-21 09:15:31 >> Script started
2021-09-21 09:15:40 >> Serial port opened.
2021-09-21 09:16:09 >> pygame quit
2021-09-21 09:22:15 >> Script started
2021-09-21 09:22:16 >> Serial port opened.
2021-09-21 09:22:18 >> pygame quit
2021-09-21 09:22:40 >> Script started
2021-09-21 09:22:41 >> Serial port opened.
2021-09-21 09:22:42 >> pygame quit
2021-09-21 09:23:07 >> Script started
2021-09-21 09:23:08 >> Serial port opened.
2021-09-21 09:23:10 >> pygame quit
2021-09-21 09:23:19 >> Script started
2021-09-21 09:23:20 >> Serial port opened.
2021-09-21 09:23:23 >> pygame quit
2021-09-21 09:25:52 >> Script started
2021-09-21 09:25:53 >> Serial port opened.
2021-09-21 09:25:54 >> pygame quit
2021-09-21 09:27:50 >> Script started
2021-09-21 09:28:06 >> Script started
2021-09-21 09:28:07 >> Serial port opened.
2021-09-21 09:28:13 >> pygame quit
2021-09-21 09:28:28 >> Script started
2021-09-21 09:28:28 >> Serial port opened.
2021-09-21 09:28:30 >> pygame quit
2021-09-21 09:28:33 >> Script started
2021-09-21 09:28:34 >> Serial port opened.
2021-09-21 09:28:35 >> pygame quit
2021-09-21 09:28:59 >> Script started
2021-09-21 09:28:59 >> Serial port opened.
2021-09-21 09:29:05 >> pygame quit
2021-09-21 09:29:09 >> Script started
2021-09-21 09:29:10 >> Serial port opened.
2021-09-21 09:29:13 >> pygame quit
2021-09-21 09:29:42 >> Script started
2021-09-21 09:29:43 >> Serial port opened.
2021-09-21 09:29:48 >> pygame quit
2021-09-21 09:30:07 >> Script started
2021-09-21 09:30:08 >> Serial port opened.
2021-09-21 09:30:11 >> pygame quit
2021-09-21 09:39:16 >> Script started
2021-09-21 09:39:35 >> Script started
2021-09-21 09:39:41 >> Script started
2021-09-21 09:39:42 >> Serial port opened.
2021-09-21 09:39:42 >> Exception for main run()
2021-09-21 09:39:42 >> Traceback (most recent call last):
  File "C:\Users\43010600\_Data\general\brew\main.py", line 112, in run
    self.screenManager.handleEvents(events)
  File "C:\Users\43010600\_Data\general\brew\screenManager.py", line 33, in handleEvents
    self.activeScreen.handleEvents(events)
  File "C:\Users\43010600\_Data\general\brew\mainScreen.py", line 80, in handleEvents
    if e.type == pygame.MOUSE_DOWN and obj.rect.collidepoint(e.pos):
AttributeError: module 'pygame' has no attribute 'MOUSE_DOWN'

2021-09-21 09:39:42 >> pygame quit
2021-09-21 09:39:58 >> Script started
2021-09-21 09:39:59 >> Serial port opened.
2021-09-21 09:39:59 >> Exception for main run()
2021-09-21 09:39:59 >> Traceback (most recent call last):
  File "C:\Users\43010600\_Data\general\brew\main.py", line 117, in run
    self.screenManager.draw()
  File "C:\Users\43010600\_Data\general\brew\screenManager.py", line 24, in draw
    self.activeScreen.draw()
  File "C:\Users\43010600\_Data\general\brew\mainScreen.py", line 62, in draw
    obj.draw()
  File "C:\Users\43010600\_Data\general\brew\GUIObjects\InputField.py", line 13, in draw
    self.screen.blit(self.obj.surface, (self.rect.x,self.rect.y))
AttributeError: 'InputField' object has no attribute 'rect'

2021-09-21 09:39:59 >> pygame quit
2021-09-21 09:40:07 >> Script started
2021-09-21 09:40:07 >> Serial port opened.
2021-09-21 09:40:07 >> Exception for main run()
2021-09-21 09:40:07 >> Traceback (most recent call last):
  File "C:\Users\43010600\_Data\general\brew\main.py", line 117, in run
    self.screenManager.draw()
  File "C:\Users\43010600\_Data\general\brew\screenManager.py", line 24, in draw
    self.activeScreen.draw()
  File "C:\Users\43010600\_Data\general\brew\mainScreen.py", line 62, in draw
    obj.draw()
  File "C:\Users\43010600\_Data\general\brew\GUIObjects\InputField.py", line 13, in draw
    self.screen.blit(self.obj.surface, (self.rect.x,self.rect.y))
AttributeError: 'tuple' object has no attribute 'x'

2021-09-21 09:40:07 >> pygame quit
2021-09-21 09:41:19 >> Script started
2021-09-21 09:41:33 >> Script started
2021-09-21 09:41:34 >> Serial port opened.
2021-09-21 09:41:36 >> Exception for main run()
2021-09-21 09:41:36 >> Traceback (most recent call last):
  File "C:\Users\43010600\_Data\general\brew\main.py", line 112, in run
    self.screenManager.handleEvents(events)
  File "C:\Users\43010600\_Data\general\brew\screenManager.py", line 33, in handleEvents
    self.activeScreen.handleEvents(events)
  File "C:\Users\43010600\_Data\general\brew\mainScreen.py", line 83, in handleEvents
    if hasattr(obj.focus):
TypeError: hasattr expected 2 arguments, got 1

2021-09-21 09:41:36 >> pygame quit
2021-09-21 09:41:50 >> Script started
2021-09-21 09:41:51 >> Serial port opened.
2021-09-21 09:41:56 >> pygame quit
2021-09-21 09:41:59 >> Script started
2021-09-21 09:41:59 >> Serial port opened.
2021-09-21 09:43:21 >> pygame quit
2021-09-21 09:44:14 >> Script started
2021-09-21 09:44:14 >> Serial port opened.
2021-09-21 09:44:28 >> pygame quit
2021-09-21 09:45:39 >> Script started
2021-09-21 09:45:40 >> Serial port opened.
2021-09-21 09:45:45 >> pygame quit
2021-09-21 09:46:05 >> Script started
2021-09-21 09:46:06 >> Serial port opened.
2021-09-21 09:46:51 >> pygame quit
2021-09-21 09:48:20 >> Script started
2021-09-21 09:48:20 >> Serial port opened.
2021-09-21 09:48:23 >> pygame quit
2021-09-21 09:48:38 >> Script started
2021-09-21 09:48:38 >> Serial port opened.
2021-09-21 09:48:41 >> pygame quit
2021-09-21 09:49:18 >> Script started
2021-09-21 09:49:19 >> Serial port opened.
2021-09-21 09:49:27 >> pygame quit
2021-09-21 09:50:25 >> Script started
2021-09-21 09:50:26 >> Serial port opened.
2021-09-21 09:51:45 >> Script started
2021-09-21 09:51:46 >> Serial port opened.
2021-09-21 09:51:52 >> Exception for main run()
2021-09-21 09:51:52 >> Traceback (most recent call last):
  File "C:\Users\43010600\_Data\general\brew\main.py", line 114, in run
    self.screenManager.handleEvents(events)
  File "C:\Users\43010600\_Data\general\brew\screenManager.py", line 33, in handleEvents
    self.activeScreen.handleEvents(events)
  File "C:\Users\43010600\_Data\general\brew\mainScreen.py", line 79, in handleEvents
    print(e.type)
UnboundLocalError: local variable 'e' referenced before assignment

2021-09-21 09:51:52 >> pygame quit
2021-09-21 09:52:04 >> Script started
2021-09-21 09:52:05 >> Serial port opened.
2021-09-21 09:52:14 >> pygame quit
2021-09-21 09:54:02 >> Script started
2021-09-21 09:54:03 >> Serial port opened.
2021-09-21 09:54:25 >> pygame quit
2021-09-21 09:55:07 >> Script started
2021-09-21 09:55:08 >> Serial port opened.
2021-09-21 09:55:08 >> Exception for main run()
2021-09-21 09:55:08 >> Traceback (most recent call last):
  File "C:\Users\43010600\_Data\general\brew\main.py", line 114, in run
    self.screenManager.handleEvents(events)
  File "C:\Users\43010600\_Data\general\brew\screenManager.py", line 33, in handleEvents
    self.activeScreen.handleEvents(events)
  File "C:\Users\43010600\_Data\general\brew\mainScreen.py", line 75, in handleEvents
    obj.obj.update(events)
AttributeError: 'Label' object has no attribute 'obj'

2021-09-21 09:55:08 >> pygame quit
2021-09-21 09:55:18 >> Script started
2021-09-21 09:55:18 >> Serial port opened.
2021-09-21 09:55:26 >> pygame quit
2021-09-21 09:55:38 >> Script started
2021-09-21 09:55:39 >> Serial port opened.
2021-09-21 09:55:45 >> pygame quit
2021-09-21 09:57:59 >> Script started
2021-09-21 09:57:59 >> Serial port opened.
2021-09-21 09:58:04 >> pygame quit
2021-09-21 09:58:13 >> Script started
2021-09-21 09:58:13 >> Serial port opened.
2021-09-21 09:58:24 >> pygame quit
2021-09-21 09:59:33 >> Script started
2021-09-21 09:59:33 >> Serial port opened.
2021-09-21 09:59:49 >> pygame quit
2021-09-21 10:00:09 >> Script started
2021-09-21 10:00:10 >> Serial port opened.
2021-09-21 10:00:38 >> pygame quit
2021-09-21 10:02:22 >> Script started
2021-09-21 10:02:22 >> Serial port opened.
2021-09-21 10:02:32 >> pygame quit
2021-09-21 10:19:47 >> Script started
2021-09-21 10:19:48 >> Serial port opened.
2021-09-21 10:20:10 >> pygame quit
2021-09-21 10:26:21 >> Script started
2021-09-21 10:26:22 >> Serial port opened.
2021-09-21 10:26:57 >> pygame quit
2021-09-21 12:21:39 >> Script started
2021-09-21 12:21:48 >> Script started
2021-09-21 12:21:48 >> Serial port opened.
2021-09-21 12:21:48 >> Exception for main run()
2021-09-21 12:21:48 >> Traceback (most recent call last):
  File "C:\Users\43010600\_Data\general\brew\main.py", line 122, in run
    self.screenManager.draw()
  File "C:\Users\43010600\_Data\general\brew\screenManager.py", line 24, in draw
    self.activeScreen.draw()
  File "C:\Users\43010600\_Data\general\brew\mainScreen.py", line 62, in draw
    obj.draw()
  File "C:\Users\43010600\_Data\general\brew\GUIObjects\InputField.py", line 12, in draw
    self.draw.rect(self.screen, (255, 0, 0), self.rect, 1)
AttributeError: 'function' object has no attribute 'rect'

2021-09-21 12:21:48 >> pygame quit
2021-09-21 12:22:45 >> Script started
2021-09-21 12:22:45 >> Serial port opened.
2021-09-21 12:22:45 >> Exception for main run()
2021-09-21 12:22:45 >> Traceback (most recent call last):
  File "C:\Users\43010600\_Data\general\brew\main.py", line 122, in run
    self.screenManager.draw()
  File "C:\Users\43010600\_Data\general\brew\screenManager.py", line 24, in draw
    self.activeScreen.draw()
  File "C:\Users\43010600\_Data\general\brew\mainScreen.py", line 62, in draw
    obj.draw()
  File "C:\Users\43010600\_Data\general\brew\GUIObjects\InputField.py", line 12, in draw
    self.draw.rect(self.screen, (255, 0, 0), self.rect, 1)
AttributeError: 'function' object has no attribute 'rect'

2021-09-21 12:22:45 >> pygame quit
2021-09-21 12:23:17 >> Script started
2021-09-21 12:23:18 >> Serial port opened.
2021-09-21 12:23:18 >> Exception for main run()
2021-09-21 12:23:18 >> Traceback (most recent call last):
  File "C:\Users\43010600\_Data\general\brew\main.py", line 122, in run
    self.screenManager.draw()
  File "C:\Users\43010600\_Data\general\brew\screenManager.py", line 24, in draw
    self.activeScreen.draw()
  File "C:\Users\43010600\_Data\general\brew\mainScreen.py", line 62, in draw
    obj.draw()
  File "C:\Users\43010600\_Data\general\brew\GUIObjects\InputField.py", line 12, in draw
    self.draw.rect(self.screen, (255, 0, 0), self.rect, 1)
AttributeError: 'function' object has no attribute 'rect'

2021-09-21 12:23:18 >> pygame quit
2021-09-21 12:23:36 >> Script started
2021-09-21 12:23:36 >> Serial port opened.
2021-09-21 12:23:37 >> Exception for main run()
2021-09-21 12:23:37 >> Traceback (most recent call last):
  File "C:\Users\43010600\_Data\general\brew\main.py", line 117, in run
    self.screenManager.handleEvents(events)
  File "C:\Users\43010600\_Data\general\brew\screenManager.py", line 33, in handleEvents
    self.activeScreen.handleEvents(events)
  File "C:\Users\43010600\_Data\general\brew\mainScreen.py", line 79, in handleEvents
    if e.type == pygame.MOUSEBUTTONDOWN and obj.rect.collidepoint(e.pos):
AttributeError: 'tuple' object has no attribute 'collidepoint'

2021-09-21 12:23:37 >> pygame quit
2021-09-21 12:23:40 >> Script started
2021-09-21 12:23:41 >> Serial port opened.
2021-09-21 12:23:42 >> pygame quit
2021-09-21 12:24:17 >> Script started
2021-09-21 12:24:18 >> Serial port opened.
2021-09-21 12:24:19 >> Exception for main run()
2021-09-21 12:24:19 >> Traceback (most recent call last):
  File "C:\Users\43010600\_Data\general\brew\main.py", line 117, in run
    self.screenManager.handleEvents(events)
  File "C:\Users\43010600\_Data\general\brew\screenManager.py", line 33, in handleEvents
    self.activeScreen.handleEvents(events)
  File "C:\Users\43010600\_Data\general\brew\mainScreen.py", line 79, in handleEvents
    if e.type == pygame.MOUSEBUTTONDOWN and obj.rect.collidepoint(e.pos):
AttributeError: 'tuple' object has no attribute 'collidepoint'

2021-09-21 12:24:19 >> pygame quit
2021-09-21 12:24:30 >> Script started
2021-09-21 12:24:30 >> Serial port opened.
2021-09-21 12:24:33 >> pygame quit
2021-09-21 12:24:40 >> Script started
2021-09-21 12:24:41 >> Serial port opened.
2021-09-21 12:24:49 >> pygame quit
2021-09-21 12:25:09 >> Script started
2021-09-21 12:25:09 >> Serial port opened.
2021-09-21 12:25:11 >> Exception for main run()
2021-09-21 12:25:11 >> Traceback (most recent call last):
  File "C:\Users\43010600\_Data\general\brew\main.py", line 117, in run
    self.screenManager.handleEvents(events)
  File "C:\Users\43010600\_Data\general\brew\screenManager.py", line 33, in handleEvents
    self.activeScreen.handleEvents(events)
  File "C:\Users\43010600\_Data\general\brew\mainScreen.py", line 79, in handleEvents
    if e.type == pygame.MOUSEBUTTONDOWN and obj.rect.collidepoint(e.pos):
AttributeError: 'tuple' object has no attribute 'collidepoint'

2021-09-21 12:25:11 >> pygame quit
2021-09-21 12:25:47 >> Script started
2021-09-21 12:25:48 >> Serial port opened.
2021-09-21 12:25:54 >> pygame quit
2021-09-21 12:29:05 >> Script started
2021-09-21 12:29:06 >> Serial port opened.
2021-09-21 12:29:07 >> Exception for main run()
2021-09-21 12:29:07 >> Traceback (most recent call last):
  File "C:\Users\43010600\_Data\general\brew\main.py", line 117, in run
    self.screenManager.handleEvents(events)
  File "C:\Users\43010600\_Data\general\brew\screenManager.py", line 33, in handleEvents
    self.activeScreen.handleEvents(events)
  File "C:\Users\43010600\_Data\general\brew\mainScreen.py", line 88, in handleEvents
    obj.update(events)
AttributeError: 'InputField' object has no attribute 'update'

2021-09-21 12:29:07 >> pygame quit
2021-09-21 12:29:15 >> Script started
2021-09-21 12:29:16 >> Serial port opened.
2021-09-21 12:29:27 >> pygame quit
2021-09-21 12:30:13 >> Script started
2021-09-21 12:30:14 >> Serial port opened.
2021-09-21 12:30:19 >> pygame quit
2021-09-21 12:30:39 >> Script started
2021-09-21 12:30:40 >> Serial port opened.
2021-09-21 12:31:46 >> Script started
2021-09-21 12:31:47 >> Serial port opened.
2021-09-21 12:31:48 >> Exception for main run()
2021-09-21 12:31:48 >> Traceback (most recent call last):
  File "C:\Users\43010600\_Data\general\brew\main.py", line 117, in run
    self.screenManager.handleEvents(events)
  File "C:\Users\43010600\_Data\general\brew\screenManager.py", line 33, in handleEvents
    self.activeScreen.handleEvents(events)
  File "C:\Users\43010600\_Data\general\brew\mainScreen.py", line 88, in handleEvents
    obj.handleEvents(events)
  File "C:\Users\43010600\_Data\general\brew\GUIObjects\InputField.py", line 25, in handleEvents
    if e.key == pygame.K_BACKSPACE:
AttributeError: 'Event' object has no attribute 'key'

2021-09-21 12:31:48 >> pygame quit
2021-09-21 12:32:01 >> Script started
2021-09-21 12:32:02 >> Serial port opened.
2021-09-21 12:32:04 >> Exception for main run()
2021-09-21 12:32:04 >> Traceback (most recent call last):
  File "C:\Users\43010600\_Data\general\brew\main.py", line 117, in run
    self.screenManager.handleEvents(events)
  File "C:\Users\43010600\_Data\general\brew\screenManager.py", line 33, in handleEvents
    self.activeScreen.handleEvents(events)
  File "C:\Users\43010600\_Data\general\brew\mainScreen.py", line 88, in handleEvents
    obj.handleEvents(events)
  File "C:\Users\43010600\_Data\general\brew\GUIObjects\InputField.py", line 26, in handleEvents
    self.value = self.value[0, -1]
TypeError: string indices must be integers

2021-09-21 12:32:04 >> pygame quit
2021-09-21 12:32:16 >> Script started
2021-09-21 12:32:17 >> Serial port opened.
2021-09-21 12:32:34 >> pygame quit
2021-09-21 12:34:09 >> Script started
2021-09-21 12:34:10 >> Serial port opened.
2021-09-21 12:34:26 >> pygame quit
2021-09-21 12:34:37 >> Script started
2021-09-21 12:34:37 >> Serial port opened.
2021-09-21 12:35:07 >> pygame quit
2021-09-21 12:42:40 >> Script started
2021-09-21 12:42:41 >> Serial port opened.
2021-09-21 12:42:42 >> Exception for main run()
2021-09-21 12:42:42 >> Traceback (most recent call last):
  File "C:\Users\43010600\_Data\general\brew\main.py", line 119, in run
    self.screenManager.handleEvents(events)
  File "C:\Users\43010600\_Data\general\brew\screenManager.py", line 33, in handleEvents
    self.activeScreen.handleEvents(events)
  File "C:\Users\43010600\_Data\general\brew\mainScreen.py", line 91, in handleEvents
    self.dataContainer['rmut_setpoint'] = self.objects['rmut_setpoint'].value
AttributeError: 'cMainScreen' object has no attribute 'dataContainer'

2021-09-21 12:42:42 >> pygame quit
2021-09-21 12:43:21 >> Script started
2021-09-21 12:43:22 >> Serial port opened.
2021-09-21 12:43:23 >> Exception for main run()
2021-09-21 12:43:23 >> Traceback (most recent call last):
  File "C:\Users\43010600\_Data\general\brew\main.py", line 119, in run
    self.screenManager.handleEvents(events)
  File "C:\Users\43010600\_Data\general\brew\screenManager.py", line 35, in handleEvents
    self.dataContainer['rmut_setpoint'] = self.objects['rmut_setpoint'].value
AttributeError: 'cScreenManager' object has no attribute 'objects'

2021-09-21 12:43:23 >> pygame quit
2021-09-21 12:43:54 >> Script started
2021-09-21 12:43:54 >> Serial port opened.
2021-09-21 12:43:56 >> Exception for main run()
2021-09-21 12:43:56 >> Traceback (most recent call last):
  File "C:\Users\43010600\_Data\general\brew\main.py", line 119, in run
    self.screenManager.handleEvents(events)
  File "C:\Users\43010600\_Data\general\brew\screenManager.py", line 33, in handleEvents
    self.activeScreen.handleEvents(events)
  File "C:\Users\43010600\_Data\general\brew\mainScreen.py", line 88, in handleEvents
    obj.handleEvents(events)
  File "C:\Users\43010600\_Data\general\brew\GUIObjects\InputField.py", line 37, in handleEvents
    self.value += e.unicode
TypeError: unsupported operand type(s) for +=: 'int' and 'str'

2021-09-21 12:43:56 >> pygame quit
2021-09-21 12:44:07 >> Script started
2021-09-21 12:44:08 >> Serial port opened.
2021-09-21 12:44:13 >> Exception for main run()
2021-09-21 12:44:13 >> Traceback (most recent call last):
  File "C:\Users\43010600\_Data\general\brew\main.py", line 109, in run
    self.SendDataToArduino()
  File "C:\Users\43010600\_Data\general\brew\main.py", line 174, in SendDataToArduino
    data = [int(mainScreen.objects['hlt_setpoint'].value*10)/256, int(mainScreen.objects['rmut_setpoint'].value*10)%256]
NameError: name 'mainScreen' is not defined

2021-09-21 12:44:13 >> pygame quit
2021-09-21 12:45:05 >> Script started
2021-09-21 12:45:06 >> Serial port opened.
2021-09-21 12:45:11 >> Exception for main run()
2021-09-21 12:45:11 >> Traceback (most recent call last):
  File "C:\Users\43010600\_Data\general\brew\main.py", line 109, in run
    self.SendDataToArduino()
  File "C:\Users\43010600\_Data\general\brew\main.py", line 174, in SendDataToArduino
    data = [int(cScreenManager.dataContainer['hlt_setpoint'].value*10)/256, int(cScreenManager.dataContainer['rmut_setpoint'].value*10)%256]
AttributeError: type object 'cScreenManager' has no attribute 'dataContainer'

2021-09-21 12:45:11 >> pygame quit
2021-09-21 12:45:25 >> Script started
2021-09-21 12:45:26 >> Serial port opened.
2021-09-21 12:45:31 >> Exception for main run()
2021-09-21 12:45:31 >> Traceback (most recent call last):
  File "C:\Users\43010600\_Data\general\brew\main.py", line 109, in run
    self.SendDataToArduino()
  File "C:\Users\43010600\_Data\general\brew\main.py", line 174, in SendDataToArduino
    data = [int(self.screenManager.dataContainer['hlt_setpoint'].value*10)/256, int(self.screenManager.dataContainer['rmut_setpoint'].value*10)%256]
AttributeError: 'int' object has no attribute 'value'

2021-09-21 12:45:31 >> pygame quit
2021-09-21 12:46:08 >> Script started
2021-09-21 12:46:09 >> Serial port opened.
2021-09-21 12:46:14 >> Exception for main run()
2021-09-21 12:46:14 >> Traceback (most recent call last):
  File "C:\Users\43010600\_Data\general\brew\main.py", line 109, in run
    self.SendDataToArduino()
  File "C:\Users\43010600\_Data\general\brew\main.py", line 177, in SendDataToArduino
    comm.CreatePacket(data)
  File "C:\Users\43010600\_Data\general\brew\comm.py", line 108, in CreatePacket
    data = data[:3] + d
TypeError: can't concat list to bytearray

2021-09-21 12:46:14 >> pygame quit
2021-09-21 12:48:06 >> Script started
2021-09-21 12:48:07 >> Serial port opened.
2021-09-21 12:48:12 >> Exception for main run()
2021-09-21 12:48:12 >> Traceback (most recent call last):
  File "C:\Users\43010600\_Data\general\brew\main.py", line 109, in run
    self.SendDataToArduino()
  File "C:\Users\43010600\_Data\general\brew\main.py", line 174, in SendDataToArduino
    data = bytes([int(self.screenManager.dataContainer['hlt_setpoint']*10)/256, int(self.screenManager.dataContainer['rmut_setpoint']*10)%256,
TypeError: 'float' object cannot be interpreted as an integer

2021-09-21 12:48:12 >> pygame quit
2021-09-21 12:49:41 >> Script started
2021-09-21 12:49:42 >> Serial port opened.
2021-09-21 12:50:10 >> pygame quit
2021-09-21 12:51:22 >> Script started
2021-09-21 12:51:23 >> Serial port opened.
2021-09-21 12:52:29 >> Script started
2021-09-21 12:52:29 >> Serial port opened.
2021-09-21 12:52:46 >> Script started
2021-09-21 12:52:47 >> Serial port opened.
2021-09-21 12:54:42 >> Script started
2021-09-21 12:54:43 >> Serial port opened.
2021-09-21 12:55:40 >> pygame quit
2021-09-21 13:02:23 >> Script started
2021-09-21 13:02:24 >> Serial port opened.
2021-09-21 13:02:46 >> Script started
2021-09-21 13:02:47 >> Serial port opened.
2021-09-21 13:03:12 >> Script started
2021-09-21 13:03:13 >> Serial port opened.
2021-09-21 13:03:50 >> Script started
2021-09-21 13:03:51 >> Serial port opened.
2021-09-21 13:03:52 >> pygame quit
2021-09-21 13:04:15 >> Script started
2021-09-21 13:04:15 >> Serial port opened.
2021-09-21 13:04:22 >> pygame quit
2021-09-21 13:05:13 >> Script started
2021-09-21 13:05:14 >> Serial port opened.
2021-09-21 13:05:21 >> pygame quit
2021-09-21 13:09:11 >> Script started
2021-09-21 13:09:11 >> Serial port opened.
2021-09-21 13:09:16 >> Exception for main run()
2021-09-21 13:09:16 >> Traceback (most recent call last):
  File "C:\Users\43010600\_Data\general\brew\main.py", line 113, in run
    self.ProcessIncomeData()
  File "C:\Users\43010600\_Data\general\brew\main.py", line 183, in ProcessIncomeData
    data = self.receiver.getRcvdData()
AttributeError: 'Receiver' object has no attribute 'getRcvdData'

2021-09-21 13:09:16 >> pygame quit
2021-09-21 13:09:33 >> Script started
2021-09-21 13:09:34 >> Serial port opened.
2021-09-21 13:09:39 >> Exception for main run()
2021-09-21 13:09:39 >> Traceback (most recent call last):
  File "C:\Users\43010600\_Data\general\brew\main.py", line 113, in run
    self.ProcessIncomeData()
  File "C:\Users\43010600\_Data\general\brew\main.py", line 183, in ProcessIncomeData
    data = self.comm.getRcvdData()
AttributeError: 'PygView' object has no attribute 'comm'

2021-09-21 13:09:39 >> pygame quit
2021-09-21 13:09:48 >> Script started
2021-09-21 13:09:49 >> Serial port opened.
2021-09-21 13:09:58 >> pygame quit
2021-09-21 13:10:55 >> Script started
2021-09-21 13:10:56 >> Serial port opened.
2021-09-21 13:11:09 >> pygame quit
2021-09-21 13:14:35 >> Script started
2021-09-21 13:14:35 >> Serial port opened.
2021-09-21 13:14:36 >> Exception for main run()
2021-09-21 13:14:36 >> Traceback (most recent call last):
  File "C:\Users\43010600\_Data\general\brew\main.py", line 107, in run
    self.screenManager.updateValues()
  File "C:\Users\43010600\_Data\general\brew\screenManager.py", line 30, in updateValues
    self.activeScreen.updateValues()
  File "C:\Users\43010600\_Data\general\brew\mainScreen.py", line 73, in updateValues
    self.objects['hlt_value'].value = self.screenManager.dataContainer['hlt_value']
KeyError: 'hlt_value'

2021-09-21 13:14:36 >> pygame quit
2021-09-21 13:18:20 >> Script started
2021-09-21 13:18:20 >> Serial port opened.
2021-09-21 13:18:43 >> pygame quit
2021-09-21 13:19:03 >> Script started
2021-09-21 13:19:04 >> Serial port opened.
2021-09-21 13:19:24 >> pygame quit
2021-09-21 14:36:48 >> Script started
2021-09-21 14:36:48 >> Serial port opened.
2021-09-21 14:36:51 >> pygame quit
2021-09-21 14:36:55 >> Script started
2021-09-21 14:36:56 >> Serial port opened.
2021-09-21 14:36:57 >> pygame quit
2021-09-21 14:37:05 >> Script started
2021-09-21 14:37:06 >> Serial port opened.
2021-09-21 14:37:08 >> pygame quit
2021-09-21 14:37:12 >> Script started
2021-09-21 14:37:13 >> Serial port opened.
2021-09-21 14:37:19 >> pygame quit
2021-09-22 15:12:54 >> Script started
2021-09-22 15:12:54 >> Serial port opened.
2021-09-22 15:12:56 >> pygame quit
2021-09-22 15:13:16 >> Script started
2021-09-22 15:13:16 >> Serial port opened.
2021-09-22 15:15:45 >> Script started
2021-09-22 15:15:46 >> Serial port opened.
2021-09-22 15:16:27 >> Script started
2021-09-22 15:16:28 >> Serial port opened.
2021-09-22 15:16:29 >> pygame quit
2021-09-22 15:16:32 >> Script started
2021-09-22 15:16:33 >> Serial port opened.
2021-09-22 15:20:15 >> Script started
2021-09-22 15:20:15 >> Serial port opened.
2021-09-22 15:20:19 >> pygame quit
2021-09-22 15:28:43 >> Script started
2021-09-22 15:28:44 >> Serial port opened.
2021-09-22 15:28:49 >> pygame quit
2021-09-22 15:30:52 >> Script started
2021-09-22 15:30:52 >> Serial port opening error! could not open port 'COM4': FileNotFoundError(2, 'Systém nemùže nalézt uvedený soubor.', None, 2)
2021-09-22 15:31:18 >> Script started
2021-09-22 15:31:19 >> Serial port opened.
2021-09-22 15:31:19 >> pygame quit
2021-09-22 15:31:22 >> Script started
2021-09-22 15:31:22 >> Serial port opened.
2021-09-22 15:31:25 >> Exception for main run()
2021-09-22 15:31:25 >> Traceback (most recent call last):
  File "C:\Users\43010600\_Data\general\brew\main.py", line 113, in run
    self.SendDataToArduino()
  File "C:\Users\43010600\_Data\general\brew\main.py", line 199, in SendDataToArduino
    getBytes(self.screenManager.dataContainer['rvk_setpoint'])
KeyError: 'rvk_setpoint'

2021-09-22 15:31:25 >> pygame quit
2021-09-22 15:32:03 >> Script started
2021-09-22 15:32:04 >> Serial port opened.
2021-09-22 15:32:36 >> pygame quit
2021-09-22 15:32:48 >> Script started
2021-09-22 15:32:48 >> Serial port opened.
2021-09-22 15:33:27 >> pygame quit
2021-09-22 15:33:50 >> Script started
2021-09-22 15:33:50 >> Serial port opened.
2021-09-22 15:38:54 >> pygame quit
2021-09-22 15:39:31 >> Script started
2021-09-22 15:39:31 >> Serial port opened.
2021-09-22 15:39:57 >> pygame quit
2021-09-22 15:42:01 >> Script started
2021-09-22 15:42:02 >> Serial port opened.
2021-09-22 15:44:44 >> pygame quit
2021-09-22 15:46:04 >> Script started
2021-09-22 15:46:05 >> Serial port opened.
2021-09-22 15:46:13 >> pygame quit
2021-09-22 15:46:30 >> Script started
2021-09-22 15:46:31 >> Serial port opening error! could not open port 'COM4': FileNotFoundError(2, 'Systém nemùže nalézt uvedený soubor.', None, 2)
2021-09-22 15:46:43 >> pygame quit
2021-09-22 15:46:45 >> Script started
2021-09-22 15:46:45 >> Serial port opened.
2021-09-22 15:46:51 >> pygame quit
2021-09-27 06:53:50 >> Script started
2021-09-27 06:53:51 >> Serial port opening error! could not open port 'COM4': FileNotFoundError(2, 'Systém nemùže nalézt uvedený soubor.', None, 2)
2021-09-27 06:54:07 >> pygame quit
2021-09-27 07:01:06 >> Script started
2021-09-27 07:01:07 >> Serial port opening error! could not open port 'COM4': FileNotFoundError(2, 'Systém nemùže nalézt uvedený soubor.', None, 2)
2021-09-27 07:01:08 >> Exception for main run()
2021-09-27 07:01:08 >> Traceback (most recent call last):
  File "C:\Users\43010600\_Data\general\brew\main.py", line 123, in run
    self.screenManager.handleEvents(events)
  File "C:\Users\43010600\_Data\general\brew\screenManager.py", line 33, in handleEvents
    self.activeScreen.handleEvents(events)
AttributeError: 'cMainScreen' object has no attribute 'handleEvents'

2021-09-27 07:01:08 >> pygame quit
2021-09-27 07:01:15 >> Script started
2021-09-27 07:01:16 >> Serial port opening error! could not open port 'COM4': FileNotFoundError(2, 'Systém nemùže nalézt uvedený soubor.', None, 2)
2021-09-27 07:01:21 >> pygame quit
2021-09-27 07:04:40 >> Script started
2021-09-27 07:04:41 >> Serial port opening error! could not open port 'COM4': FileNotFoundError(2, 'Systém nemùže nalézt uvedený soubor.', None, 2)
2021-09-27 07:04:42 >> pygame quit
2021-09-27 07:07:36 >> Script started
2021-09-27 07:07:47 >> Script started
2021-09-27 07:08:05 >> Script started
2021-09-27 07:08:06 >> Serial port opening error! could not open port 'COM4': FileNotFoundError(2, 'Systém nemùže nalézt uvedený soubor.', None, 2)
2021-09-27 07:08:06 >> Exception for main run()
2021-09-27 07:08:06 >> Traceback (most recent call last):
  File "C:\Users\43010600\_Data\general\brew\main.py", line 128, in run
    self.screenManager.draw()
  File "C:\Users\43010600\_Data\general\brew\screenManager.py", line 24, in draw
    self.activeScreen.draw()
  File "C:\Users\43010600\_Data\general\brew\mainScreen.py", line 62, in draw
    obj.draw()
  File "C:\Users\43010600\_Data\general\brew\GUIObjects\Checkbox.py", line 23, in draw
    pygame.draw.circle(self.screen, (255, 0, 0), (self.rect.x,self.rect.y), 10 )
AttributeError: 'tuple' object has no attribute 'x'

2021-09-27 07:08:06 >> pygame quit
2021-09-27 07:08:16 >> Script started
2021-09-27 07:08:17 >> Serial port opening error! could not open port 'COM4': FileNotFoundError(2, 'Systém nemùže nalézt uvedený soubor.', None, 2)
2021-09-27 07:08:22 >> pygame quit
2021-09-27 07:08:57 >> Script started
2021-09-27 07:08:58 >> Serial port opening error! could not open port 'COM4': FileNotFoundError(2, 'Systém nemùže nalézt uvedený soubor.', None, 2)
2021-09-27 07:09:00 >> pygame quit
2021-09-27 07:09:17 >> Script started
2021-09-27 07:09:18 >> Serial port opening error! could not open port 'COM4': FileNotFoundError(2, 'Systém nemùže nalézt uvedený soubor.', None, 2)
2021-09-27 07:09:21 >> pygame quit
2021-09-27 07:09:38 >> Script started
2021-09-27 07:09:39 >> Serial port opening error! could not open port 'COM4': FileNotFoundError(2, 'Systém nemùže nalézt uvedený soubor.', None, 2)
2021-09-27 07:10:42 >> Script started
2021-09-27 07:10:43 >> Serial port opening error! could not open port 'COM4': FileNotFoundError(2, 'Systém nemùže nalézt uvedený soubor.', None, 2)
2021-09-27 07:12:47 >> pygame quit
2021-09-27 07:14:09 >> Script started
2021-09-27 07:14:09 >> Serial port opening error! could not open port 'COM4': FileNotFoundError(2, 'Systém nemùže nalézt uvedený soubor.', None, 2)
2021-09-27 07:14:21 >> pygame quit
2021-09-27 07:14:43 >> Script started
2021-09-27 07:14:44 >> Serial port opening error! could not open port 'COM4': FileNotFoundError(2, 'Systém nemùže nalézt uvedený soubor.', None, 2)
2021-09-27 07:14:48 >> pygame quit
2021-09-27 07:15:52 >> Script started
2021-09-27 07:16:01 >> Script started
2021-09-27 07:16:22 >> Script started
2021-09-27 07:16:30 >> Script started
2021-09-27 07:16:30 >> Serial port opening error! could not open port 'COM4': FileNotFoundError(2, 'Systém nemùže nalézt uvedený soubor.', None, 2)
2021-09-27 07:16:32 >> Exception for main run()
2021-09-27 07:16:32 >> Traceback (most recent call last):
  File "C:\Users\43010600\_Data\general\brew\main.py", line 123, in run
    self.screenManager.handleEvents(events)
  File "C:\Users\43010600\_Data\general\brew\screenManager.py", line 49, in handleEvents
    if e.type == pygame.MOUSEBUTTONDOWN and pygame.Rect(obj.rect).collidepoint(e.pos):
AttributeError: 'Checkbox' object has no attribute 'rect'

2021-09-27 07:16:32 >> pygame quit
2021-09-27 07:17:26 >> Script started
2021-09-27 07:17:27 >> Serial port opening error! could not open port 'COM4': FileNotFoundError(2, 'Systém nemùže nalézt uvedený soubor.', None, 2)
2021-09-27 07:17:33 >> pygame quit
2021-09-27 07:19:20 >> Script started
2021-09-27 07:19:21 >> Serial port opening error! could not open port 'COM4': FileNotFoundError(2, 'Systém nemùže nalézt uvedený soubor.', None, 2)
2021-09-27 07:19:23 >> pygame quit
2021-09-27 07:19:28 >> Script started
2021-09-27 07:19:29 >> Serial port opening error! could not open port 'COM4': FileNotFoundError(2, 'Systém nemùže nalézt uvedený soubor.', None, 2)
2021-09-27 07:19:31 >> pygame quit
2021-09-27 07:19:36 >> Script started
2021-09-27 07:19:37 >> Serial port opening error! could not open port 'COM4': FileNotFoundError(2, 'Systém nemùže nalézt uvedený soubor.', None, 2)
2021-09-27 07:19:42 >> pygame quit
2021-09-27 07:19:46 >> Script started
2021-09-27 07:19:47 >> Serial port opening error! could not open port 'COM4': FileNotFoundError(2, 'Systém nemùže nalézt uvedený soubor.', None, 2)
2021-09-27 07:20:10 >> pygame quit
2021-09-27 07:20:42 >> Script started
2021-09-27 07:20:42 >> Serial port opening error! could not open port 'COM4': FileNotFoundError(2, 'Systém nemùže nalézt uvedený soubor.', None, 2)
2021-09-27 07:20:52 >> pygame quit
2021-09-27 07:33:44 >> Script started
2021-09-27 07:33:45 >> Serial port opening error! could not open port 'COM4': FileNotFoundError(2, 'Systém nemùže nalézt uvedený soubor.', None, 2)
2021-09-27 07:34:01 >> pygame quit
2021-09-27 07:34:06 >> Script started
2021-09-27 07:34:07 >> Serial port opening error! could not open port 'COM4': FileNotFoundError(2, 'Systém nemùže nalézt uvedený soubor.', None, 2)
2021-09-27 07:34:40 >> pygame quit
2021-09-27 07:35:37 >> Script started
2021-09-27 07:35:38 >> Serial port opening error! could not open port 'COM4': FileNotFoundError(2, 'Systém nemùže nalézt uvedený soubor.', None, 2)
2021-09-27 07:35:42 >> pygame quit
2021-09-27 07:35:48 >> Script started
2021-09-27 07:35:49 >> Serial port opening error! could not open port 'COM4': FileNotFoundError(2, 'Systém nemùže nalézt uvedený soubor.', None, 2)
2021-09-27 07:36:04 >> pygame quit
2021-09-27 07:36:13 >> Script started
2021-09-27 07:36:14 >> Serial port opening error! could not open port 'COM4': FileNotFoundError(2, 'Systém nemùže nalézt uvedený soubor.', None, 2)
2021-09-27 07:36:22 >> Exception for main run()
2021-09-27 07:36:22 >> Traceback (most recent call last):
  File "C:\Users\43010600\_Data\general\brew\main.py", line 123, in run
    self.screenManager.handleEvents(events)
  File "C:\Users\43010600\_Data\general\brew\screenManager.py", line 49, in handleEvents
    if e.type == pygame.MOUSEBUTTONDOWN and pygame.Rect(obj.rect).collidepoint(e.pos):
UnboundLocalError: local variable 'e' referenced before assignment

2021-09-27 07:36:22 >> pygame quit
2021-09-27 07:37:06 >> Script started
2021-09-27 07:37:07 >> Serial port opening error! could not open port 'COM4': FileNotFoundError(2, 'Systém nemùže nalézt uvedený soubor.', None, 2)
2021-09-27 07:37:32 >> pygame quit
2021-09-27 07:54:40 >> Script started
2021-09-27 07:54:41 >> Serial port opening error! could not open port 'COM4': FileNotFoundError(2, 'Systém nemùže nalézt uvedený soubor.', None, 2)
2021-09-27 07:54:48 >> pygame quit
2021-09-27 07:57:14 >> Script started
2021-09-27 07:57:14 >> Serial port opening error! could not open port 'COM4': FileNotFoundError(2, 'Systém nemùže nalézt uvedený soubor.', None, 2)
2021-09-27 07:59:58 >> Script started
2021-09-27 07:59:58 >> Serial port opening error! could not open port 'COM4': FileNotFoundError(2, 'Systém nemùže nalézt uvedený soubor.', None, 2)
2021-09-27 08:00:01 >> Exception for main run()
2021-09-27 08:00:01 >> Traceback (most recent call last):
  File "C:/Users/43010600/_Data/general/brew/main.py", line 113, in run
    self.SendDataToArduino()
  File "C:/Users/43010600/_Data/general/brew/main.py", line 198, in SendDataToArduino
    bitsPacked = packBits(self.screenManager.dataContainer['hlt_on'],self.screenManager.dataContainer['hlt_pid'],
KeyError: 'hlt_pid'

2021-09-27 08:00:02 >> pygame quit
2021-09-27 08:00:18 >> Script started
2021-09-27 08:00:18 >> Serial port opening error! could not open port 'COM4': FileNotFoundError(2, 'Systém nemùže nalézt uvedený soubor.', None, 2)
2021-09-27 08:01:21 >> Script started
2021-09-27 08:01:22 >> Serial port opening error! could not open port 'COM4': FileNotFoundError(2, 'Systém nemùže nalézt uvedený soubor.', None, 2)
2021-09-27 08:01:24 >> pygame quit
2021-09-27 08:02:34 >> Script started
2021-09-27 08:02:34 >> Serial port opening error! could not open port 'COM4': FileNotFoundError(2, 'Systém nemùže nalézt uvedený soubor.', None, 2)
2021-09-27 08:05:03 >> Script started
2021-09-27 08:05:04 >> Serial port opening error! could not open port 'COM4': FileNotFoundError(2, 'Systém nemùže nalézt uvedený soubor.', None, 2)
2021-09-27 08:05:45 >> pygame quit
2021-09-27 08:09:51 >> Script started
2021-09-27 08:09:52 >> Serial port opening error! could not open port 'COM4': FileNotFoundError(2, 'Systém nemùže nalézt uvedený soubor.', None, 2)
2021-09-27 08:09:58 >> Exception for main run()
2021-09-27 08:09:58 >> Traceback (most recent call last):
  File "C:\Users\43010600\_Data\general\brew\main.py", line 118, in run
    parameters.Write()
NameError: name 'parameters' is not defined

2021-09-27 08:09:58 >> pygame quit
2021-09-27 08:10:09 >> Script started
2021-09-27 08:10:10 >> Serial port opening error! could not open port 'COM4': FileNotFoundError(2, 'Systém nemùže nalézt uvedený soubor.', None, 2)
2021-09-27 08:10:16 >> Exception for main run()
2021-09-27 08:10:16 >> Traceback (most recent call last):
  File "C:\Users\43010600\_Data\general\brew\main.py", line 118, in run
    Parameters.Write()
TypeError: Write() missing 1 required positional argument: 'cls'

2021-09-27 08:10:16 >> pygame quit
2021-09-27 08:11:59 >> Script started
2021-09-27 08:11:59 >> Serial port opening error! could not open port 'COM4': FileNotFoundError(2, 'Systém nemùže nalézt uvedený soubor.', None, 2)
2021-09-27 08:12:01 >> Exception for main run()
2021-09-27 08:12:01 >> Traceback (most recent call last):
  File "C:\Users\43010600\_Data\general\brew\main.py", line 118, in run
    Parameters.Write()
  File "C:\Users\43010600\_Data\general\brew\parameters.py", line 25, in Write
    cls.config.write()
TypeError: write() missing 1 required positional argument: 'fp'

2021-09-27 08:12:01 >> pygame quit
2021-09-27 08:12:03 >> Script started
2021-09-27 08:12:03 >> Serial port opening error! could not open port 'COM4': FileNotFoundError(2, 'Systém nemùže nalézt uvedený soubor.', None, 2)
2021-09-27 08:12:11 >> Exception for main run()
2021-09-27 08:12:11 >> Traceback (most recent call last):
  File "C:\Users\43010600\_Data\general\brew\main.py", line 118, in run
    Parameters.Write()
  File "C:\Users\43010600\_Data\general\brew\parameters.py", line 25, in Write
    cls.config.write()
TypeError: write() missing 1 required positional argument: 'fp'

2021-09-27 08:12:11 >> pygame quit
2021-09-27 08:12:26 >> Script started
2021-09-27 08:12:27 >> Serial port opening error! could not open port 'COM4': FileNotFoundError(2, 'Systém nemùže nalézt uvedený soubor.', None, 2)
2021-09-27 08:12:27 >> Exception for main run()
2021-09-27 08:12:27 >> Traceback (most recent call last):
  File "C:\Users\43010600\_Data\general\brew\main.py", line 118, in run
    Parameters.Write()
  File "C:\Users\43010600\_Data\general\brew\parameters.py", line 25, in Write
    cls.config.write('config.ini')
  File "C:\Users\43010600\AppData\Local\Programs\Python\Python39\lib\configparser.py", line 922, in write
    self._write_section(fp, section,
  File "C:\Users\43010600\AppData\Local\Programs\Python\Python39\lib\configparser.py", line 927, in _write_section
    fp.write("[{}]\n".format(section_name))
AttributeError: 'str' object has no attribute 'write'

2021-09-27 08:12:27 >> pygame quit
2021-09-27 08:13:00 >> Script started
2021-09-27 08:13:01 >> Serial port opening error! could not open port 'COM4': FileNotFoundError(2, 'Systém nemùže nalézt uvedený soubor.', None, 2)
2021-09-27 08:13:02 >> Exception for main run()
2021-09-27 08:13:02 >> Traceback (most recent call last):
  File "C:\Users\43010600\_Data\general\brew\main.py", line 118, in run
    Parameters.Write()
  File "C:\Users\43010600\_Data\general\brew\parameters.py", line 22, in Write
    cls.config['processValues']['hlt_setpoint'] = cls.hlt_setpoint
  File "C:\Users\43010600\AppData\Local\Programs\Python\Python39\lib\configparser.py", line 1261, in __setitem__
    self._parser._validate_value_types(option=key, value=value)
  File "C:\Users\43010600\AppData\Local\Programs\Python\Python39\lib\configparser.py", line 1188, in _validate_value_types
    raise TypeError("option values must be strings")
TypeError: option values must be strings

2021-09-27 08:13:02 >> pygame quit
2021-09-27 08:13:44 >> Script started
2021-09-27 08:13:45 >> Serial port opening error! could not open port 'COM4': FileNotFoundError(2, 'Systém nemùže nalézt uvedený soubor.', None, 2)
2021-09-27 08:14:54 >> Script started
2021-09-27 08:14:55 >> Serial port opening error! could not open port 'COM4': FileNotFoundError(2, 'Systém nemùže nalézt uvedený soubor.', None, 2)
2021-09-27 08:14:56 >> Exception for main run()
2021-09-27 08:14:56 >> Traceback (most recent call last):
  File "C:\Users\43010600\_Data\general\brew\main.py", line 118, in run
    Parameters.Write()
  File "C:\Users\43010600\_Data\general\brew\parameters.py", line 25, in Write
    cls.config.write('config.ini')
  File "C:\Users\43010600\AppData\Local\Programs\Python\Python39\lib\configparser.py", line 922, in write
    self._write_section(fp, section,
  File "C:\Users\43010600\AppData\Local\Programs\Python\Python39\lib\configparser.py", line 927, in _write_section
    fp.write("[{}]\n".format(section_name))
AttributeError: 'str' object has no attribute 'write'

2021-09-27 08:14:56 >> pygame quit
2021-09-27 08:16:07 >> Script started
2021-09-27 08:16:08 >> Serial port opening error! could not open port 'COM4': FileNotFoundError(2, 'Systém nemùže nalézt uvedený soubor.', None, 2)
2021-09-27 08:16:08 >> pygame quit
2021-09-27 08:16:11 >> Script started
2021-09-27 08:16:12 >> Serial port opening error! could not open port 'COM4': FileNotFoundError(2, 'Systém nemùže nalézt uvedený soubor.', None, 2)
2021-09-27 08:16:18 >> pygame quit
2021-09-27 08:16:56 >> Script started
2021-09-27 08:16:57 >> Serial port opening error! could not open port 'COM4': FileNotFoundError(2, 'Systém nemùže nalézt uvedený soubor.', None, 2)
2021-09-27 08:16:58 >> pygame quit
2021-09-27 08:17:08 >> Script started
2021-09-27 08:17:09 >> Serial port opening error! could not open port 'COM4': FileNotFoundError(2, 'Systém nemùže nalézt uvedený soubor.', None, 2)
2021-09-27 08:17:12 >> pygame quit
2021-09-27 08:18:37 >> Script started
2021-09-27 08:18:37 >> Serial port opening error! could not open port 'COM4': FileNotFoundError(2, 'Systém nemùže nalézt uvedený soubor.', None, 2)
2021-09-27 08:18:39 >> pygame quit
2021-09-27 08:18:41 >> Script started
2021-09-27 08:18:42 >> Serial port opening error! could not open port 'COM4': FileNotFoundError(2, 'Systém nemùže nalézt uvedený soubor.', None, 2)
2021-09-27 08:18:47 >> pygame quit
2021-09-27 08:18:51 >> Script started
2021-09-27 08:18:51 >> Serial port opening error! could not open port 'COM4': FileNotFoundError(2, 'Systém nemùže nalézt uvedený soubor.', None, 2)
2021-09-27 08:18:53 >> pygame quit
2021-09-27 08:31:14 >> Script started
2021-09-27 08:31:15 >> Serial port opening error! could not open port 'COM4': FileNotFoundError(2, 'Systém nemùže nalézt uvedený soubor.', None, 2)
2021-09-27 08:31:18 >> Exception for main run()
2021-09-27 08:31:18 >> Traceback (most recent call last):
  File "C:\Users\43010600\_Data\general\brew\main.py", line 113, in run
    self.SendDataToArduino()
  File "C:\Users\43010600\_Data\general\brew\main.py", line 203, in SendDataToArduino
    getBytes(self.screenManager.dataContainer['rvk_setpoint'])
  File "C:\Users\43010600\_Data\general\brew\main.py", line 232, in getBytes
    return bytes([int(round(val * 100) / 256), int(round(val * 100)) % 256])
TypeError: type str doesn't define __round__ method

2021-09-27 08:31:18 >> pygame quit
2021-09-27 08:31:52 >> Script started
2021-09-27 08:31:53 >> Serial port opening error! could not open port 'COM4': FileNotFoundError(2, 'Systém nemùže nalézt uvedený soubor.', None, 2)
2021-09-27 08:32:06 >> Exception for main run()
2021-09-27 08:32:06 >> Traceback (most recent call last):
  File "C:\Users\43010600\_Data\general\brew\main.py", line 118, in run
    Parameters.Write(self.screenManager.dataContainer)
  File "C:\Users\43010600\_Data\general\brew\parameters.py", line 25, in Write
    for obj, key, prop in cls.persistentList:
ValueError: too many values to unpack (expected 3)

2021-09-27 08:32:06 >> pygame quit
2021-09-27 08:32:22 >> Script started
2021-09-27 08:32:23 >> Serial port opening error! could not open port 'COM4': FileNotFoundError(2, 'Systém nemùže nalézt uvedený soubor.', None, 2)
2021-09-27 08:32:38 >> pygame quit
2021-09-27 08:32:44 >> Script started
2021-09-27 08:32:44 >> Serial port opening error! could not open port 'COM4': FileNotFoundError(2, 'Systém nemùže nalézt uvedený soubor.', None, 2)
2021-09-27 08:32:55 >> pygame quit
2021-09-27 08:32:56 >> Script started
2021-09-27 08:32:57 >> Serial port opening error! could not open port 'COM4': FileNotFoundError(2, 'Systém nemùže nalézt uvedený soubor.', None, 2)
2021-09-27 08:33:04 >> pygame quit
2021-09-27 08:33:05 >> Script started
2021-09-27 08:33:06 >> Serial port opening error! could not open port 'COM4': FileNotFoundError(2, 'Systém nemùže nalézt uvedený soubor.', None, 2)
2021-09-27 08:33:07 >> pygame quit
2021-09-27 08:34:11 >> Script started
2021-09-27 08:34:12 >> Serial port opening error! could not open port 'COM4': FileNotFoundError(2, 'Systém nemùže nalézt uvedený soubor.', None, 2)
2021-09-27 08:34:13 >> pygame quit
2021-09-27 08:38:35 >> Script started
2021-09-27 08:38:35 >> Serial port opened.
2021-09-27 08:38:38 >> Exception for main run()
2021-09-27 08:38:38 >> Traceback (most recent call last):
  File "C:\Users\43010600\_Data\general\brew\main.py", line 113, in run
    self.SendDataToArduino()
  File "C:\Users\43010600\_Data\general\brew\main.py", line 202, in SendDataToArduino
    data = bitsPacked + getBytes(self.screenManager.dataContainer['hlt_setpoint']) +\
  File "C:\Users\43010600\_Data\general\brew\main.py", line 232, in getBytes
    return bytes([int(round(val * 100) / 256), int(round(val * 100)) % 256])
ValueError: bytes must be in range(0, 256)

2021-09-27 08:38:38 >> pygame quit
2021-09-27 08:38:57 >> Script started
2021-09-27 08:38:57 >> Serial port opened.
2021-09-27 08:39:13 >> Exception for main run()
2021-09-27 08:39:13 >> Traceback (most recent call last):
  File "C:/Users/43010600/_Data/general/brew/main.py", line 113, in run
    self.SendDataToArduino()
  File "C:/Users/43010600/_Data/general/brew/main.py", line 202, in SendDataToArduino
    data = bitsPacked + getBytes(self.screenManager.dataContainer['hlt_setpoint']) +\
  File "C:/Users/43010600/_Data/general/brew/main.py", line 232, in getBytes
    return bytes([int(round(val * 100) / 256), int(round(val * 100)) % 256])
ValueError: bytes must be in range(0, 256)

2021-09-27 08:39:13 >> pygame quit
2021-09-27 08:39:40 >> Script started
2021-09-27 08:39:41 >> Serial port opened.
2021-09-27 08:39:50 >> Exception for main run()
2021-09-27 08:39:50 >> Traceback (most recent call last):
  File "C:/Users/43010600/_Data/general/brew/main.py", line 113, in run
    self.SendDataToArduino()
  File "C:/Users/43010600/_Data/general/brew/main.py", line 202, in SendDataToArduino
    data = bitsPacked + getBytes(self.screenManager.dataContainer['hlt_setpoint']) +\
  File "C:/Users/43010600/_Data/general/brew/main.py", line 232, in getBytes
    return bytes([int(round(val * 100) / 256), int(round(val * 100)) % 256])
ValueError: bytes must be in range(0, 256)

2021-09-27 08:39:50 >> pygame quit
2021-09-27 08:39:54 >> Script started
2021-09-27 08:39:54 >> Serial port opened.
2021-09-27 08:40:50 >> Script started
2021-09-27 08:40:50 >> Serial port opened.
2021-09-27 08:40:53 >> Exception for main run()
2021-09-27 08:40:53 >> Traceback (most recent call last):
  File "C:\Users\43010600\_Data\general\brew\main.py", line 113, in run
    self.SendDataToArduino()
  File "C:\Users\43010600\_Data\general\brew\main.py", line 202, in SendDataToArduino
    data = bitsPacked + getBytes(self.screenManager.dataContainer['hlt_setpoint']) +\
  File "C:\Users\43010600\_Data\general\brew\main.py", line 232, in getBytes
    return bytes([int(round(val * 100) / 256), int(round(val * 100)) % 256])
ValueError: bytes must be in range(0, 256)

2021-09-27 08:40:54 >> pygame quit
2021-09-27 08:41:37 >> Script started
2021-09-27 08:41:38 >> Serial port opened.
2021-09-27 08:41:41 >> Exception for main run()
2021-09-27 08:41:41 >> Traceback (most recent call last):
  File "C:\Users\43010600\_Data\general\brew\main.py", line 113, in run
    self.SendDataToArduino()
  File "C:\Users\43010600\_Data\general\brew\main.py", line 202, in SendDataToArduino
    data = bitsPacked + getBytes(self.screenManager.dataContainer['hlt_setpoint']) +\
  File "C:\Users\43010600\_Data\general\brew\main.py", line 232, in getBytes
    return bytes([int(round(val * 100) / 256), int(round(val * 100)) % 256])
ValueError: bytes must be in range(0, 256)

2021-09-27 08:41:41 >> pygame quit
2021-09-27 08:41:43 >> Script started
2021-09-27 08:41:44 >> Serial port opened.
2021-09-27 08:41:47 >> Exception for main run()
2021-09-27 08:41:47 >> Traceback (most recent call last):
  File "C:\Users\43010600\_Data\general\brew\main.py", line 113, in run
    self.SendDataToArduino()
  File "C:\Users\43010600\_Data\general\brew\main.py", line 202, in SendDataToArduino
    data = bitsPacked + getBytes(self.screenManager.dataContainer['hlt_setpoint']) +\
  File "C:\Users\43010600\_Data\general\brew\main.py", line 232, in getBytes
    return bytes([int(round(val * 100) / 256), int(round(val * 100)) % 256])
ValueError: bytes must be in range(0, 256)

2021-09-27 08:41:47 >> pygame quit
2021-09-27 08:41:49 >> Script started
2021-09-27 08:41:50 >> Serial port opened.
2021-09-27 08:42:24 >> pygame quit
2021-09-27 08:54:52 >> Script started
2021-09-27 08:54:52 >> Serial port opening error! could not open port 'COM4': PermissionError(13, 'Pøístup byl odepøen.', None, 5)
2021-09-27 08:55:03 >> pygame quit
2021-09-27 08:56:10 >> Script started
2021-09-27 08:56:11 >> Serial port opened.
2021-09-27 08:56:20 >> Script started
2021-09-27 08:56:21 >> Serial port opened.
2021-09-27 08:57:07 >> Script started
2021-09-27 08:57:08 >> Serial port opened.
2021-09-27 08:57:18 >> pygame quit
2021-09-27 08:58:01 >> Script started
2021-09-27 08:58:01 >> Serial port opening error! could not open port 'COM4': PermissionError(13, 'Pøístup byl odepøen.', None, 5)
2021-09-27 08:58:08 >> Script started
2021-09-27 08:58:08 >> Serial port opened.
2021-09-27 09:01:03 >> Script started
2021-09-27 09:01:03 >> Serial port opened.
2021-09-27 09:01:11 >> pygame quit
2021-09-27 09:01:47 >> Script started
2021-09-27 09:01:48 >> Serial port opened.
2021-09-27 09:02:24 >> pygame quit
2021-09-27 09:03:19 >> Script started
2021-09-27 09:03:20 >> Serial port opened.
2021-09-27 09:03:46 >> pygame quit
2021-09-27 09:05:56 >> Script started
2021-09-27 09:05:56 >> Serial port opened.
2021-09-27 09:06:15 >> pygame quit
2021-09-27 09:06:47 >> Script started
2021-09-27 09:06:48 >> Serial port opened.
2021-09-27 09:07:05 >> pygame quit
2021-09-27 09:11:14 >> Script started
2021-09-27 09:11:15 >> Serial port opened.
2021-09-27 09:11:45 >> pygame quit
2021-09-27 09:13:00 >> Script started
2021-09-27 09:13:00 >> Serial port opened.
2021-09-27 09:13:15 >> pygame quit
2021-09-27 09:13:50 >> Script started
2021-09-27 09:13:51 >> Serial port opened.
2021-09-27 09:13:54 >> pygame quit
2021-09-27 09:14:01 >> Script started
2021-09-27 09:14:01 >> Serial port opened.
2021-09-27 09:14:10 >> Script started
2021-09-27 09:14:10 >> Serial port opened.
2021-09-27 09:14:20 >> pygame quit
2021-09-27 09:23:23 >> Script started
2021-09-27 09:23:24 >> Serial port opened.
2021-09-27 09:23:33 >> pygame quit
2021-09-27 09:25:03 >> Script started
2021-09-27 09:25:04 >> Serial port opened.
2021-09-27 09:25:17 >> pygame quit
2021-09-27 09:25:51 >> Script started
2021-09-27 09:25:51 >> Serial port opened.
2021-09-27 09:25:59 >> pygame quit
2021-09-27 09:43:50 >> Script started
2021-09-27 09:43:51 >> Serial port opened.
2021-09-27 09:44:24 >> pygame quit
2021-09-27 09:44:32 >> Script started
2021-09-27 09:44:33 >> Serial port opened.
2021-09-27 09:45:23 >> pygame quit
2021-09-27 09:45:30 >> Script started
2021-09-27 09:45:30 >> Serial port opened.
2021-09-27 09:45:43 >> pygame quit
2021-09-27 09:46:52 >> Script started
2021-09-27 09:46:53 >> Serial port opened.
2021-09-27 09:47:06 >> pygame quit
2021-09-27 09:48:27 >> Script started
2021-09-27 09:48:28 >> Serial port opened.
2021-09-27 09:53:03 >> Script started
2021-09-27 09:53:04 >> Serial port opened.
2021-09-27 09:54:34 >> Script started
2021-09-27 09:54:34 >> Serial port opened.
2021-09-27 09:54:44 >> pygame quit
2021-09-27 09:55:03 >> Script started
2021-09-27 09:55:03 >> Serial port opened.
2021-09-27 09:55:54 >> Script started
2021-09-27 09:55:54 >> Serial port opened.
2021-09-27 09:56:13 >> pygame quit
2021-09-27 09:56:18 >> Script started
2021-09-27 09:56:19 >> Serial port opened.
2021-09-27 09:56:39 >> pygame quit
2021-09-27 09:56:47 >> Script started
2021-09-27 09:56:48 >> Serial port opened.
2021-09-27 09:57:26 >> pygame quit
2021-09-27 09:57:32 >> Script started
2021-09-27 09:57:33 >> Serial port opened.
2021-09-27 09:59:10 >> pygame quit
2021-09-27 09:59:18 >> Script started
2021-09-27 09:59:19 >> Serial port opened.
2021-09-27 09:59:47 >> pygame quit
2021-09-27 09:59:55 >> Script started
2021-09-27 09:59:55 >> Serial port opened.
2021-09-27 10:00:05 >> pygame quit
2021-09-27 10:00:21 >> Script started
2021-09-27 10:00:21 >> Serial port opened.
2021-09-27 10:00:42 >> pygame quit
2021-09-27 10:00:45 >> Script started
2021-09-27 10:00:46 >> Serial port opened.
2021-09-27 10:00:49 >> pygame quit
2021-09-27 10:00:55 >> Script started
2021-09-27 10:00:55 >> Serial port opening error! could not open port 'COM4': FileNotFoundError(2, 'Systém nemùže nalézt uvedený soubor.', None, 2)
2021-09-27 10:00:58 >> pygame quit
2021-09-27 10:01:00 >> Script started
2021-09-27 10:01:00 >> Serial port opened.
2021-09-27 10:01:37 >> pygame quit
2021-09-27 10:01:51 >> Script started
2021-09-27 10:01:51 >> Serial port opened.
2021-09-27 10:04:38 >> Script started
2021-09-27 10:04:39 >> Serial port opened.
2021-09-27 10:04:42 >> pygame quit
2021-09-27 10:05:12 >> Script started
2021-09-27 10:05:13 >> Serial port opening error! could not open port 'COM4': FileNotFoundError(2, 'Systém nemùže nalézt uvedený soubor.', None, 2)
2021-09-27 10:05:18 >> pygame quit
2021-09-27 10:05:19 >> Script started
2021-09-27 10:05:19 >> Serial port opened.
2021-09-27 10:05:51 >> pygame quit
2021-09-27 10:07:00 >> Script started
2021-09-27 10:07:01 >> Serial port opened.
2021-09-27 10:07:14 >> pygame quit
2021-09-27 10:09:26 >> Script started
2021-09-27 10:09:26 >> Serial port opened.
2021-09-27 10:10:00 >> pygame quit
2021-09-27 10:12:04 >> Script started
2021-09-27 10:12:05 >> Serial port opened.
2021-09-27 10:12:52 >> pygame quit
2021-09-27 10:20:32 >> Script started
2021-09-27 10:20:33 >> Serial port opened.
2021-09-27 10:20:34 >> pygame quit
2021-09-27 10:20:40 >> Script started
2021-09-27 10:20:40 >> Serial port opened.
2021-09-27 10:20:41 >> Exception for main run()
2021-09-27 10:20:41 >> Traceback (most recent call last):
  File "C:\Users\43010600\_Data\general\brew\main.py", line 108, in run
    self.ProcessIncomeData()
  File "C:\Users\43010600\_Data\general\brew\main.py", line 194, in ProcessIncomeData
    self.screenManager.dataContainer['errorFlags'] = getVal(data, 7) + (getVal(data, 9)<<16)
  File "C:\Users\43010600\_Data\general\brew\main.py", line 231, in getVal
    return (data[idx] * 256 + data[idx+1])/100.0
IndexError: list index out of range

2021-09-27 10:20:42 >> pygame quit
2021-09-27 10:21:16 >> Script started
2021-09-27 10:21:16 >> Serial port opened.
2021-09-27 10:21:36 >> Exception for main run()
2021-09-27 10:21:36 >> Traceback (most recent call last):
  File "C:/Users/43010600/_Data/general/brew/main.py", line 108, in run
    self.ProcessIncomeData()
  File "C:/Users/43010600/_Data/general/brew/main.py", line 194, in ProcessIncomeData
    self.screenManager.dataContainer['errorFlags'] = getVal(data, 7) + (getVal(data, 9) << 16)
  File "C:/Users/43010600/_Data/general/brew/main.py", line 231, in getVal
    return (data[idx] * 256 + data[idx+1])/100.0
IndexError: list index out of range

2021-09-27 10:21:36 >> pygame quit
2021-09-27 10:21:41 >> Script started
2021-09-27 10:21:41 >> Serial port opened.
2021-09-27 10:22:27 >> Script started
2021-09-27 10:22:27 >> Serial port opened.
2021-09-27 10:22:28 >> Exception for main run()
2021-09-27 10:22:28 >> Traceback (most recent call last):
  File "C:\Users\43010600\_Data\general\brew\main.py", line 108, in run
    self.ProcessIncomeData()
  File "C:\Users\43010600\_Data\general\brew\main.py", line 194, in ProcessIncomeData
    self.screenManager.dataContainer['errorFlags'] = getVal(data, 7) + (getVal(data, 9) << 16)
TypeError: unsupported operand type(s) for <<: 'float' and 'int'

2021-09-27 10:22:29 >> pygame quit
2021-09-27 10:23:14 >> Script started
2021-09-27 10:23:15 >> Serial port opened.
2021-09-27 10:23:17 >> pygame quit
2021-09-27 10:23:25 >> Script started
2021-09-27 10:23:26 >> Serial port opened.
2021-09-27 10:23:32 >> pygame quit
2021-09-27 10:23:55 >> Script started
2021-09-27 10:23:56 >> Serial port opened.
2021-09-27 10:24:02 >> pygame quit
2021-09-27 10:24:16 >> Script started
2021-09-27 10:24:16 >> Serial port opened.
2021-09-27 10:24:26 >> pygame quit
2021-09-28 18:28:22 >> Script started
2021-09-28 18:28:23 >> Serial port opening error! could not open port 'COM4': FileNotFoundError(2, 'Systém nemùže nalézt uvedený soubor.', None, 2)
2021-09-28 18:28:33 >> pygame quit
2021-09-28 19:47:06 >> Script started
2021-09-28 19:47:07 >> Serial port opening error! could not open port 'COM4': FileNotFoundError(2, 'Systém nemùže nalézt uvedený soubor.', None, 2)
2021-09-28 19:47:26 >> pygame quit
2021-09-28 19:47:28 >> Script started
2021-09-28 19:47:28 >> Serial port opening error! could not open port 'COM4': FileNotFoundError(2, 'Systém nemùže nalézt uvedený soubor.', None, 2)
2021-09-28 19:47:30 >> pygame quit
2021-09-28 19:48:25 >> Script started
2021-09-28 19:48:25 >> Serial port opening error! could not open port 'COM4': FileNotFoundError(2, 'Systém nemùže nalézt uvedený soubor.', None, 2)
2021-09-28 19:48:27 >> pygame quit
2021-09-28 19:49:13 >> Script started
2021-09-28 19:49:13 >> Serial port opening error! could not open port 'COM4': FileNotFoundError(2, 'Systém nemùže nalézt uvedený soubor.', None, 2)
2021-09-28 19:49:17 >> pygame quit
2021-09-28 19:49:38 >> Script started
2021-09-28 19:49:38 >> Serial port opening error! could not open port 'COM4': FileNotFoundError(2, 'Systém nemùže nalézt uvedený soubor.', None, 2)
2021-09-28 19:49:40 >> pygame quit
2021-09-28 19:49:50 >> Script started
2021-09-28 19:49:50 >> Serial port opening error! could not open port 'COM4': FileNotFoundError(2, 'Systém nemùže nalézt uvedený soubor.', None, 2)
2021-09-28 19:49:51 >> pygame quit
2021-09-28 19:49:57 >> Script started
2021-09-28 19:49:58 >> Serial port opening error! could not open port 'COM4': FileNotFoundError(2, 'Systém nemùže nalézt uvedený soubor.', None, 2)
2021-09-28 19:49:59 >> pygame quit
2021-09-28 19:50:03 >> Script started
2021-09-28 19:50:04 >> Serial port opening error! could not open port 'COM4': FileNotFoundError(2, 'Systém nemùže nalézt uvedený soubor.', None, 2)
2021-09-28 19:50:13 >> pygame quit
2021-09-28 19:57:35 >> Script started
2021-09-28 19:57:35 >> Serial port opened.
2021-09-28 20:04:20 >> pygame quit
2021-09-28 20:04:46 >> Script started
2021-09-28 20:04:47 >> Serial port opened.
2021-09-28 20:04:50 >> Exception for main run()
2021-09-28 20:04:50 >> Traceback (most recent call last):
  File "C:\Users\Petra\Desktop\pivovar\brew\main.py", line 113, in run
    self.SendDataToArduino()
  File "C:\Users\Petra\Desktop\pivovar\brew\main.py", line 204, in SendDataToArduino
    data = bytes([1]) + bitsPacked + getBytes(self.screenManager.dataContainer['hlt_setpoint']) +\
TypeError: can't concat bytes to tuple

2021-09-28 20:04:50 >> pygame quit
2021-09-28 20:05:21 >> Script started
2021-09-28 20:05:21 >> Serial port opened.
2021-09-28 20:05:24 >> Exception for main run()
2021-09-28 20:05:24 >> Traceback (most recent call last):
  File "C:\Users\Petra\Desktop\pivovar\brew\main.py", line 113, in run
    self.SendDataToArduino()
  File "C:\Users\Petra\Desktop\pivovar\brew\main.py", line 202, in SendDataToArduino
    self.screenManager.dataContainer['rvk_on'], self.screenManager.dataContainer['rvk_PID'])
  File "C:\Users\Petra\Desktop\pivovar\brew\main.py", line 244, in packBits
    return bytes(res[1],res[0])
TypeError: bytes() argument 2 must be str, not int

2021-09-28 20:05:24 >> pygame quit
2021-09-28 20:05:43 >> Script started
2021-09-28 20:05:44 >> Serial port opened.
2021-09-28 20:07:22 >> pygame quit
2021-09-28 20:08:02 >> Script started
2021-09-28 20:08:03 >> Serial port opened.
2021-09-28 20:11:59 >> pygame quit
2021-09-28 20:12:11 >> Script started
2021-09-28 20:12:11 >> Serial port opened.
2021-09-28 20:18:30 >> pygame quit
2021-09-28 20:19:36 >> Script started
2021-09-28 20:19:36 >> Serial port opened.
2021-09-28 20:19:42 >> pygame quit
2021-09-28 20:21:01 >> Script started
2021-09-28 20:21:01 >> Serial port opened.
2021-09-28 20:21:09 >> pygame quit
2021-09-28 20:22:30 >> Script started
2021-09-28 20:22:30 >> Serial port opening error! could not open port 'COM10': PermissionError(13, 'Pøístup byl odepøen.', None, 5)
2021-09-28 20:22:33 >> pygame quit
2021-09-28 20:22:35 >> Script started
2021-09-28 20:22:35 >> Serial port opened.
2021-09-28 20:23:28 >> pygame quit
2021-09-28 20:23:54 >> Script started
2021-09-28 20:23:54 >> Serial port opened.
2021-09-28 20:25:56 >> Script started
2021-09-28 20:25:56 >> Serial port opened.
2021-09-28 20:27:17 >> Script started
2021-09-28 20:27:18 >> Serial port opened.
2021-09-28 20:28:30 >> pygame quit
2021-09-28 20:29:30 >> Script started
2021-09-28 20:29:30 >> Serial port opened.
2021-09-28 20:32:03 >> pygame quit
2021-09-28 20:32:17 >> Script started
2021-09-28 20:32:17 >> Serial port opened.
2021-09-28 20:32:26 >> pygame quit
2021-09-28 20:33:39 >> Script started
2021-09-28 20:33:39 >> Serial port opened.
2021-09-28 20:34:25 >> pygame quit
2021-09-28 20:34:54 >> Script started
2021-09-28 20:34:54 >> Serial port opened.
2021-09-28 20:34:57 >> Exception for main run()
2021-09-28 20:34:57 >> Traceback (most recent call last):
  File "C:\Users\Petra\Desktop\pivovar\brew\main.py", line 113, in run
    self.SendDataToArduino()
  File "C:\Users\Petra\Desktop\pivovar\brew\main.py", line 204, in SendDataToArduino
    print(int(bitsPacked))
ValueError: invalid literal for int() with base 10: b'\x00\x00'

2021-09-28 20:34:57 >> pygame quit
2021-09-28 20:40:18 >> Script started
2021-09-28 20:40:22 >> Serial port opened.
2021-09-28 20:40:25 >> Exception for main run()
2021-09-28 20:40:25 >> Traceback (most recent call last):
  File "C:\Users\Petra\Desktop\pivovar\brew\main.py", line 113, in run
    self.SendDataToArduino()
  File "C:\Users\Petra\Desktop\pivovar\brew\main.py", line 204, in SendDataToArduino
    print([ord(i) for i in bitsPacked].join(", "))
  File "C:\Users\Petra\Desktop\pivovar\brew\main.py", line 204, in <listcomp>
    print([ord(i) for i in bitsPacked].join(", "))
TypeError: ord() expected string of length 1, but int found

2021-09-28 20:40:25 >> pygame quit
2021-09-28 20:40:42 >> Script started
2021-09-28 20:40:42 >> Serial port opened.
2021-09-28 20:40:45 >> Exception for main run()
2021-09-28 20:40:45 >> Traceback (most recent call last):
  File "C:\Users\Petra\Desktop\pivovar\brew\main.py", line 113, in run
    self.SendDataToArduino()
  File "C:\Users\Petra\Desktop\pivovar\brew\main.py", line 204, in SendDataToArduino
    print([i for i in bitsPacked].join(", "))
AttributeError: 'list' object has no attribute 'join'

2021-09-28 20:40:45 >> pygame quit
2021-09-28 20:41:03 >> Script started
2021-09-28 20:41:03 >> Serial port opened.
2021-09-28 20:41:13 >> pygame quit
2021-09-28 20:41:46 >> Script started
2021-09-28 20:41:46 >> Serial port opened.
2021-09-28 20:41:51 >> pygame quit
2021-09-28 20:42:10 >> Script started
2021-09-28 20:42:10 >> Serial port opened.
2021-09-28 20:42:13 >> Exception for main run()
2021-09-28 20:42:13 >> Traceback (most recent call last):
  File "C:\Users\Petra\Desktop\pivovar\brew\main.py", line 113, in run
    self.SendDataToArduino()
  File "C:\Users\Petra\Desktop\pivovar\brew\main.py", line 204, in SendDataToArduino
    print(ord(bitsPacked[0]))
TypeError: ord() expected string of length 1, but int found

2021-09-28 20:42:13 >> pygame quit
2021-09-28 20:42:58 >> Script started
2021-09-28 20:42:58 >> Serial port opened.
2021-09-28 20:43:02 >> Exception for main run()
2021-09-28 20:43:02 >> Traceback (most recent call last):
  File "C:\Users\Petra\Desktop\pivovar\brew\main.py", line 113, in run
    self.SendDataToArduino()
  File "C:\Users\Petra\Desktop\pivovar\brew\main.py", line 204, in SendDataToArduino
    print(int.from_bytes(bitsPacked[0],"little",signed=False))
TypeError: cannot convert 'int' object to bytes

2021-09-28 20:43:02 >> pygame quit
2021-09-28 20:45:47 >> Script started
2021-09-28 20:45:47 >> Serial port opened.
2021-09-28 20:45:50 >> Exception for main run()
2021-09-28 20:45:50 >> Traceback (most recent call last):
  File "C:\Users\Petra\Desktop\pivovar\brew\main.py", line 113, in run
    self.SendDataToArduino()
  File "C:\Users\Petra\Desktop\pivovar\brew\main.py", line 205, in SendDataToArduino
    print(int.from_bytes(bitsPacked[0],"little",signed=False))
TypeError: cannot convert 'int' object to bytes

2021-09-28 20:45:50 >> pygame quit
2021-09-28 20:46:27 >> Script started
2021-09-28 20:46:27 >> Serial port opened.
2021-09-28 20:46:30 >> Exception for main run()
2021-09-28 20:46:30 >> Traceback (most recent call last):
  File "C:\Users\Petra\Desktop\pivovar\brew\main.py", line 113, in run
    self.SendDataToArduino()
  File "C:\Users\Petra\Desktop\pivovar\brew\main.py", line 205, in SendDataToArduino
    print(int.from_bytes(bitsPacked[0],"little",signed=False))
TypeError: cannot convert 'int' object to bytes

2021-09-28 20:46:31 >> pygame quit
2021-09-28 20:47:00 >> Script started
2021-09-28 20:47:01 >> Serial port opened.
2021-09-28 20:47:04 >> Exception for main run()
2021-09-28 20:47:04 >> Traceback (most recent call last):
  File "C:\Users\Petra\Desktop\pivovar\brew\main.py", line 113, in run
    self.SendDataToArduino()
  File "C:\Users\Petra\Desktop\pivovar\brew\main.py", line 205, in SendDataToArduino
    print(int.from_bytes(bitsPacked[0],"little",signed=False))
TypeError: cannot convert 'int' object to bytes

2021-09-28 20:47:04 >> pygame quit
2021-09-28 20:47:16 >> Script started
2021-09-28 20:47:16 >> Serial port opened.
2021-09-28 20:48:43 >> Script started
2021-09-28 20:48:44 >> Serial port opened.
2021-09-28 20:49:03 >> pygame quit
2021-09-28 20:49:23 >> Script started
2021-09-28 20:49:23 >> Serial port opened.
2021-09-28 20:52:08 >> Script started
2021-09-28 20:52:08 >> Serial port opened.
2021-09-28 20:52:54 >> Script started
2021-09-28 20:52:55 >> Serial port opened.
2021-09-28 20:56:47 >> pygame quit
2021-09-28 20:57:16 >> Script started
2021-09-28 20:57:16 >> Serial port opened.
2021-09-28 20:57:35 >> pygame quit
2021-09-28 20:59:19 >> Script started
2021-09-28 20:59:19 >> Serial port opened.
2021-09-28 20:59:24 >> pygame quit
2021-09-28 20:59:49 >> Script started
2021-09-28 20:59:49 >> Serial port opened.
2021-09-28 21:00:13 >> pygame quit
2021-09-28 21:00:47 >> Script started
2021-09-28 21:00:47 >> Serial port opened.
2021-09-28 21:04:58 >> pygame quit
2021-09-28 21:05:58 >> Script started
2021-09-28 21:05:58 >> Serial port opened.
2021-09-28 21:17:46 >> Exception for main run()
2021-09-28 21:17:46 >> Lost serial port!
2021-09-28 21:17:46 >> Traceback (most recent call last):
  File "C:\Users\Petra\Desktop\pivovar\brew\main.py", line 113, in run
    self.SendDataToArduino()
  File "C:\Users\Petra\Desktop\pivovar\brew\main.py", line 213, in SendDataToArduino
    self.serialPort.write(pkg)
  File "C:\Users\Petra\AppData\Local\Programs\Python\Python36\lib\site-packages\serial\serialwin32.py", line 317, in write
    raise SerialException("WriteFile failed ({!r})".format(ctypes.WinError()))
serial.serialutil.SerialException: WriteFile failed (PermissionError(13, 'Pøístup byl odepøen.', None, 5))

2021-09-28 21:17:46 >> pygame quit
2021-09-29 18:55:28 >> Script started
2021-09-29 18:55:28 >> Serial port opened.
2021-09-29 19:10:07 >> Lost serial port!
2021-09-29 19:10:07 >> Exception for main run()
2021-09-29 19:10:07 >> Traceback (most recent call last):
  File "C:\Users\Petra\Desktop\pivovar\brew\main.py", line 113, in run
    self.SendDataToArduino()
  File "C:\Users\Petra\Desktop\pivovar\brew\main.py", line 213, in SendDataToArduino
    self.serialPort.write(pkg)
  File "C:\Users\Petra\AppData\Local\Programs\Python\Python36\lib\site-packages\serial\serialwin32.py", line 317, in write
    raise SerialException("WriteFile failed ({!r})".format(ctypes.WinError()))
serial.serialutil.SerialException: WriteFile failed (PermissionError(13, 'Pøístup byl odepøen.', None, 5))

2021-09-29 19:10:07 >> pygame quit
2021-09-29 19:11:52 >> Script started
2021-09-29 19:11:53 >> Serial port opened.
2021-09-29 19:26:59 >> Lost serial port!
2021-09-29 19:27:00 >> Lost serial port!
2021-09-29 19:27:00 >> Lost serial port!
2021-09-29 19:27:01 >> Lost serial port!
2021-09-29 19:27:01 >> Lost serial port!
2021-09-29 19:27:02 >> Lost serial port!
2021-09-29 19:27:02 >> Exception for main run()
2021-09-29 19:27:02 >> Traceback (most recent call last):
  File "C:\Users\Petra\Desktop\pivovar\brew\main.py", line 113, in run
    self.SendDataToArduino()
  File "C:\Users\Petra\Desktop\pivovar\brew\main.py", line 213, in SendDataToArduino
    self.serialPort.write(pkg)
  File "C:\Users\Petra\AppData\Local\Programs\Python\Python36\lib\site-packages\serial\serialwin32.py", line 317, in write
    raise SerialException("WriteFile failed ({!r})".format(ctypes.WinError()))
serial.serialutil.SerialException: WriteFile failed (PermissionError(13, 'Pøístup byl odepøen.', None, 5))

2021-09-29 19:27:02 >> pygame quit
2021-09-29 19:27:02 >> Lost serial port!
2021-09-29 19:27:50 >> Script started
2021-09-29 19:27:50 >> Serial port opened.
2021-09-29 19:33:05 >> Script started
2021-09-29 19:33:05 >> Serial port opened.
2021-09-29 20:10:02 >> Exception for main run()
2021-09-29 20:10:02 >> Traceback (most recent call last):
  File "C:\Users\Petra\Desktop\pivovar\brew\main.py", line 113, in run
    self.SendDataToArduino()
  File "C:\Users\Petra\Desktop\pivovar\brew\main.py", line 214, in SendDataToArduino
    self.serialPort.write(pkg)
  File "C:\Users\Petra\AppData\Local\Programs\Python\Python36\lib\site-packages\serial\serialwin32.py", line 317, in write
    raise SerialException("WriteFile failed ({!r})".format(ctypes.WinError()))
serial.serialutil.SerialException: WriteFile failed (PermissionError(13, 'Pøístup byl odepøen.', None, 5))

2021-09-29 20:10:02 >> pygame quit
2021-09-29 20:10:03 >> Lost serial port!
2021-09-30 07:27:01 >> Script started
2021-09-30 07:27:04 >> Serial port opened.
2021-09-30 07:33:09 >> pygame quit
2021-09-30 07:34:24 >> Script started
2021-09-30 07:34:24 >> Serial port opened.
2021-09-30 07:35:57 >> pygame quit
2021-09-30 07:36:09 >> Script started
2021-09-30 07:36:09 >> Serial port opened.
2021-09-30 07:37:12 >> pygame quit
2021-09-30 07:37:23 >> Script started
2021-09-30 07:37:23 >> Serial port opened.
2021-09-30 07:46:13 >> pygame quit
2021-09-30 07:46:23 >> Script started
2021-09-30 07:46:24 >> Serial port opened.
2021-09-30 09:00:05 >> Lost serial port!
2021-09-30 09:01:40 >> pygame quit
2021-09-30 09:01:43 >> Script started
2021-09-30 09:01:43 >> Serial port opened.
2021-09-30 09:03:12 >> Lost serial port!
2021-09-30 09:06:14 >> Script started
2021-09-30 09:06:14 >> Serial port opened.
2021-09-30 09:06:15 >> Exception for main run()
2021-09-30 09:06:15 >> Traceback (most recent call last):
  File "C:\Users\Petra\Desktop\pivovar\brew\main.py", line 107, in run
    self.screenManager.updateValues()
  File "C:\Users\Petra\Desktop\pivovar\brew\screenManager.py", line 30, in updateValues
    self.activeScreen.updateValues()
  File "C:\Users\Petra\Desktop\pivovar\brew\mainScreen.py", line 89, in updateValues
    self.objects['error_value'].value = self.screenManager.dataContainer['errorFlags']
KeyError: 'errorFlags'

2021-09-30 09:06:15 >> pygame quit
2021-09-30 09:08:06 >> Script started
2021-09-30 09:08:07 >> Serial port opened.
2021-09-30 09:13:16 >> Lost serial port!
2021-09-30 09:16:38 >> pygame quit
2021-09-30 09:16:41 >> Script started
2021-09-30 09:16:42 >> Serial port opened.
2021-09-30 09:55:18 >> Lost serial port!
2021-09-30 09:56:57 >> pygame quit
2021-09-30 09:57:01 >> Script started
2021-09-30 09:57:01 >> Serial port opened.
2021-09-30 10:06:10 >> Exception for main run()
2021-09-30 10:06:10 >> Traceback (most recent call last):
  File "C:\Users\Petra\Desktop\pivovar\brew\main.py", line 113, in run
    self.SendDataToArduino()
  File "C:\Users\Petra\Desktop\pivovar\brew\main.py", line 214, in SendDataToArduino
    self.serialPort.write(pkg)
  File "C:\Users\Petra\AppData\Local\Programs\Python\Python36\lib\site-packages\serial\serialwin32.py", line 317, in write
    raise SerialException("WriteFile failed ({!r})".format(ctypes.WinError()))
serial.serialutil.SerialException: WriteFile failed (PermissionError(13, 'Pøístup byl odepøen.', None, 5))

2021-09-30 10:06:10 >> Lost serial port!
2021-09-30 10:06:10 >> pygame quit
2021-09-30 10:07:06 >> Script started
2021-09-30 10:07:07 >> Serial port opened.
2021-09-30 11:23:43 >> Lost serial port!
2021-09-30 11:23:52 >> pygame quit
2021-09-30 11:23:56 >> Script started
2021-09-30 11:23:57 >> Serial port opened.
2021-09-30 11:54:41 >> Lost serial port!
2021-09-30 11:55:11 >> pygame quit
2021-09-30 11:55:15 >> Script started
2021-09-30 11:55:15 >> Serial port opened.
2021-09-30 11:56:53 >> Lost serial port!
2021-09-30 11:58:05 >> pygame quit
2021-09-30 11:58:09 >> Script started
2021-09-30 11:58:10 >> Serial port opened.
2021-09-30 13:57:41 >> Exception for main run()
2021-09-30 13:57:41 >> Traceback (most recent call last):
  File "C:\Users\Petra\Desktop\pivovar\brew\main.py", line 113, in run
    self.SendDataToArduino()
  File "C:\Users\Petra\Desktop\pivovar\brew\main.py", line 214, in SendDataToArduino
    self.serialPort.write(pkg)
  File "C:\Users\Petra\AppData\Local\Programs\Python\Python36\lib\site-packages\serial\serialwin32.py", line 317, in write
    raise SerialException("WriteFile failed ({!r})".format(ctypes.WinError()))
serial.serialutil.SerialException: WriteFile failed (PermissionError(13, 'Pøístup byl odepøen.', None, 5))

2021-09-30 13:57:41 >> pygame quit
2021-09-30 13:57:41 >> Lost serial port!
2021-09-30 13:59:22 >> Script started
2021-09-30 13:59:22 >> Serial port opened.
2021-09-30 15:25:33 >> pygame quit
2021-12-10 15:10:20 >> Script started
2021-12-10 15:10:21 >> Serial port opening error! could not open port 'COM10': FileNotFoundError(2, 'Systém nemùže nalézt uvedený soubor.', None, 2)
2021-12-10 15:10:25 >> pygame quit
2021-12-10 15:11:28 >> Script started
2021-12-10 15:11:29 >> Serial port opening error! could not open port 'COM10': FileNotFoundError(2, 'Systém nemùže nalézt uvedený soubor.', None, 2)
2021-12-10 15:11:42 >> pygame quit
2021-12-10 15:12:11 >> Script started
2021-12-10 15:12:12 >> Serial port opening error! could not open port 'COM10': FileNotFoundError(2, 'Systém nemùže nalézt uvedený soubor.', None, 2)
2021-12-10 15:12:52 >> pygame quit
2021-12-10 15:13:01 >> Script started
2021-12-10 15:13:02 >> Serial port opening error! could not open port 'COM10': FileNotFoundError(2, 'Systém nemùže nalézt uvedený soubor.', None, 2)
2021-12-10 15:13:03 >> pygame quit
2021-12-10 15:13:34 >> Script started
2021-12-10 15:13:35 >> Serial port opening error! could not open port 'COM10': FileNotFoundError(2, 'Systém nemùže nalézt uvedený soubor.', None, 2)
2021-12-10 15:13:37 >> pygame quit
2021-12-10 15:14:32 >> Script started
2021-12-10 15:14:33 >> Serial port opening error! could not open port 'COM10': FileNotFoundError(2, 'Systém nemùže nalézt uvedený soubor.', None, 2)
2021-12-10 15:14:37 >> pygame quit
2021-12-10 15:14:53 >> Script started
2021-12-10 15:15:04 >> Script started
2021-12-10 15:15:04 >> Serial port opening error! could not open port 'COM10': FileNotFoundError(2, 'Systém nemùže nalézt uvedený soubor.', None, 2)
2021-12-10 15:15:10 >> pygame quit
2021-12-10 15:19:56 >> Script started
2021-12-10 15:20:11 >> Script started
2021-12-10 15:20:18 >> Script started
2021-12-10 15:20:19 >> Serial port opening error! could not open port 'COM10': FileNotFoundError(2, 'Systém nemùže nalézt uvedený soubor.', None, 2)
2021-12-10 15:20:26 >> pygame quit
2021-12-10 15:20:31 >> Script started
2021-12-10 15:20:32 >> Serial port opening error! could not open port 'COM10': FileNotFoundError(2, 'Systém nemùže nalézt uvedený soubor.', None, 2)
2021-12-10 15:20:59 >> pygame quit
2021-12-10 15:37:27 >> Script started
2021-12-10 15:37:28 >> Serial port opening error! could not open port 'COM10': FileNotFoundError(2, 'Systém nemùže nalézt uvedený soubor.', None, 2)
2021-12-10 15:37:30 >> pygame quit
2021-12-10 15:37:38 >> Script started
2021-12-10 15:37:39 >> Serial port opened.
2021-12-10 15:41:32 >> pygame quit
2021-12-10 15:45:06 >> Script started
2021-12-10 15:45:06 >> Serial port opened.
2021-12-10 15:51:12 >> pygame quit
2021-12-10 15:52:51 >> Script started
2021-12-10 15:52:52 >> Serial port opened.
2021-12-10 15:53:28 >> pygame quit
2021-12-10 15:54:03 >> Script started
2021-12-10 15:54:04 >> Serial port opened.
2021-12-10 16:10:28 >> pygame quit
2021-12-10 16:11:11 >> Script started
2021-12-10 16:11:12 >> Serial port opened.
2021-12-10 16:53:58 >> pygame quit
2021-12-11 07:47:51 >> Script started
2021-12-11 07:47:52 >> Serial port opened.
2021-12-11 09:21:19 >> pygame quit
2021-12-11 09:21:24 >> Script started
2021-12-11 09:21:25 >> Serial port opened.
2021-12-11 10:12:38 >> pygame quit
2021-12-11 10:12:42 >> Script started
2021-12-11 10:12:43 >> Serial port opened.
2021-12-11 12:21:17 >> Exception for main run()
2021-12-11 12:21:17 >> Traceback (most recent call last):
  File "C:\Users\43010600\Downloads\pivovar\brew\main.py", line 113, in run
    self.SendDataToArduino()
  File "C:\Users\43010600\Downloads\pivovar\brew\main.py", line 215, in SendDataToArduino
    self.serialPort.write(pkg)
  File "C:\Users\43010600\_Data\general\brew\venv\lib\site-packages\serial\serialwin32.py", line 317, in write
    raise SerialException("WriteFile failed ({!r})".format(ctypes.WinError()))
serial.serialutil.SerialException: WriteFile failed (PermissionError(13, 'Pøístup byl odepøen.', None, 5))

2021-12-11 12:21:17 >> pygame quit
2021-12-11 12:21:18 >> Lost serial port!
